<?xml version="1.0" encoding="UTF-8"?>
<!-- Generated by org.testng.reporters.JUnitReportReporter -->
<testsuite hostname="DESKTOP-25LN50V" failures="0" tests="49" name="test_Runner.TestRunner" time="384.559" errors="0" timestamp="2024-01-25T09:04:15 PST" skipped="0">
  <testcase classname="test_Runner.TestRunner" name="runScenario" time="8.237"/>
  <testcase classname="test_Runner.TestRunner" name="runScenario" time="4.358"/>
  <testcase classname="test_Runner.TestRunner" name="runScenario" time="8.269"/>
  <testcase classname="test_Runner.TestRunner" name="runScenario" time="7.949"/>
  <testcase classname="test_Runner.TestRunner" name="runScenario" time="8.554"/>
  <testcase classname="test_Runner.TestRunner" name="runScenario" time="3.888"/>
  <testcase classname="test_Runner.TestRunner" name="runScenario" time="8.325"/>
  <testcase classname="test_Runner.TestRunner" name="runScenario" time="8.265"/>
  <testcase classname="test_Runner.TestRunner" name="runScenario" time="3.925"/>
  <testcase classname="test_Runner.TestRunner" name="runScenario" time="10.598"/>
  <testcase classname="test_Runner.TestRunner" name="runScenario" time="3.677"/>
  <testcase classname="test_Runner.TestRunner" name="runScenario" time="8.335"/>
  <testcase classname="test_Runner.TestRunner" name="runScenario" time="3.383"/>
  <testcase classname="test_Runner.TestRunner" name="runScenario" time="10.717"/>
  <testcase classname="test_Runner.TestRunner" name="runScenario" time="17.510"/>
  <testcase classname="test_Runner.TestRunner" name="runScenario" time="5.276"/>
  <testcase classname="test_Runner.TestRunner" name="runScenario" time="3.794"/>
  <testcase classname="test_Runner.TestRunner" name="runScenario" time="8.664"/>
  <testcase classname="test_Runner.TestRunner" name="runScenario" time="9.165"/>
  <testcase classname="test_Runner.TestRunner" name="runScenario" time="7.610"/>
  <testcase classname="test_Runner.TestRunner" name="runScenario" time="10.384"/>
  <testcase classname="test_Runner.TestRunner" name="runScenario" time="3.369"/>
  <testcase classname="test_Runner.TestRunner" name="runScenario" time="8.766"/>
  <testcase classname="test_Runner.TestRunner" name="runScenario" time="3.235"/>
  <testcase classname="test_Runner.TestRunner" name="runScenario" time="8.637"/>
  <testcase classname="test_Runner.TestRunner" name="runScenario" time="4.305"/>
  <testcase classname="test_Runner.TestRunner" name="runScenario" time="7.915"/>
  <testcase classname="test_Runner.TestRunner" name="runScenario" time="8.424"/>
  <testcase classname="test_Runner.TestRunner" name="runScenario" time="6.451"/>
  <testcase classname="test_Runner.TestRunner" name="runScenario" time="7.752"/>
  <testcase classname="test_Runner.TestRunner" name="runScenario" time="8.400"/>
  <testcase classname="test_Runner.TestRunner" name="runScenario" time="8.210"/>
  <testcase classname="test_Runner.TestRunner" name="runScenario" time="8.258"/>
  <testcase classname="test_Runner.TestRunner" name="runScenario" time="10.835"/>
  <testcase classname="test_Runner.TestRunner" name="runScenario" time="9.136"/>
  <testcase classname="test_Runner.TestRunner" name="runScenario" time="9.269"/>
  <testcase classname="test_Runner.TestRunner" name="runScenario" time="9.997"/>
  <testcase classname="test_Runner.TestRunner" name="runScenario" time="7.948"/>
  <testcase classname="test_Runner.TestRunner" name="runScenario" time="7.918"/>
  <testcase classname="test_Runner.TestRunner" name="runScenario" time="9.031"/>
  <testcase classname="test_Runner.TestRunner" name="runScenario" time="10.256"/>
  <testcase classname="test_Runner.TestRunner" name="runScenario" time="8.744"/>
  <testcase classname="test_Runner.TestRunner" name="runScenario" time="7.966"/>
  <testcase classname="test_Runner.TestRunner" name="runScenario" time="8.556"/>
  <testcase classname="test_Runner.TestRunner" name="runScenario" time="7.948"/>
  <testcase classname="test_Runner.TestRunner" name="runScenario" time="6.702"/>
  <testcase classname="test_Runner.TestRunner" name="runScenario" time="8.127"/>
  <testcase classname="test_Runner.TestRunner" name="runScenario" time="8.747"/>
  <testcase classname="test_Runner.TestRunner" name="runScenario" time="8.774"/>
</testsuite> <!-- test_Runner.TestRunner -->
