<?xml version="1.0" encoding="UTF-8"?>
<!-- Generated by org.testng.reporters.JUnitReportReporter -->
<testsuite hostname="DESKTOP-25LN50V" failures="0" tests="49" name="test_Runner.TestRunner" time="298.185" errors="0" timestamp="2024-01-25T22:53:11 PST" skipped="0">
  <testcase classname="test_Runner.TestRunner" name="runScenario" time="5.846"/>
  <testcase classname="test_Runner.TestRunner" name="runScenario" time="2.779"/>
  <testcase classname="test_Runner.TestRunner" name="runScenario" time="6.565"/>
  <testcase classname="test_Runner.TestRunner" name="runScenario" time="6.688"/>
  <testcase classname="test_Runner.TestRunner" name="runScenario" time="8.045"/>
  <testcase classname="test_Runner.TestRunner" name="runScenario" time="6.825"/>
  <testcase classname="test_Runner.TestRunner" name="runScenario" time="6.667"/>
  <testcase classname="test_Runner.TestRunner" name="runScenario" time="6.929"/>
  <testcase classname="test_Runner.TestRunner" name="runScenario" time="6.013"/>
  <testcase classname="test_Runner.TestRunner" name="runScenario" time="6.414"/>
  <testcase classname="test_Runner.TestRunner" name="runScenario" time="3.801"/>
  <testcase classname="test_Runner.TestRunner" name="runScenario" time="8.991"/>
  <testcase classname="test_Runner.TestRunner" name="runScenario" time="8.972"/>
  <testcase classname="test_Runner.TestRunner" name="runScenario" time="6.356"/>
  <testcase classname="test_Runner.TestRunner" name="runScenario" time="7.815"/>
  <testcase classname="test_Runner.TestRunner" name="runScenario" time="2.751"/>
  <testcase classname="test_Runner.TestRunner" name="runScenario" time="3.483"/>
  <testcase classname="test_Runner.TestRunner" name="runScenario" time="5.928"/>
  <testcase classname="test_Runner.TestRunner" name="runScenario" time="6.777"/>
  <testcase classname="test_Runner.TestRunner" name="runScenario" time="6.560"/>
  <testcase classname="test_Runner.TestRunner" name="runScenario" time="2.777"/>
  <testcase classname="test_Runner.TestRunner" name="runScenario" time="6.752"/>
  <testcase classname="test_Runner.TestRunner" name="runScenario" time="6.813"/>
  <testcase classname="test_Runner.TestRunner" name="runScenario" time="6.298"/>
  <testcase classname="test_Runner.TestRunner" name="runScenario" time="5.863"/>
  <testcase classname="test_Runner.TestRunner" name="runScenario" time="7.205"/>
  <testcase classname="test_Runner.TestRunner" name="runScenario" time="6.324"/>
  <testcase classname="test_Runner.TestRunner" name="runScenario" time="5.955"/>
  <testcase classname="test_Runner.TestRunner" name="runScenario" time="6.349"/>
  <testcase classname="test_Runner.TestRunner" name="runScenario" time="2.745"/>
  <testcase classname="test_Runner.TestRunner" name="runScenario" time="6.532"/>
  <testcase classname="test_Runner.TestRunner" name="runScenario" time="2.964"/>
  <testcase classname="test_Runner.TestRunner" name="runScenario" time="5.011"/>
  <testcase classname="test_Runner.TestRunner" name="runScenario" time="6.976"/>
  <testcase classname="test_Runner.TestRunner" name="runScenario" time="9.201"/>
  <testcase classname="test_Runner.TestRunner" name="runScenario" time="3.252"/>
  <testcase classname="test_Runner.TestRunner" name="runScenario" time="7.426"/>
  <testcase classname="test_Runner.TestRunner" name="runScenario" time="6.369"/>
  <testcase classname="test_Runner.TestRunner" name="runScenario" time="8.536"/>
  <testcase classname="test_Runner.TestRunner" name="runScenario" time="6.597"/>
  <testcase classname="test_Runner.TestRunner" name="runScenario" time="8.586"/>
  <testcase classname="test_Runner.TestRunner" name="runScenario" time="5.476"/>
  <testcase classname="test_Runner.TestRunner" name="runScenario" time="7.246"/>
  <testcase classname="test_Runner.TestRunner" name="runScenario" time="6.071"/>
  <testcase classname="test_Runner.TestRunner" name="runScenario" time="2.663"/>
  <testcase classname="test_Runner.TestRunner" name="runScenario" time="5.672"/>
  <testcase classname="test_Runner.TestRunner" name="runScenario" time="5.626"/>
  <testcase classname="test_Runner.TestRunner" name="runScenario" time="6.679"/>
  <testcase classname="test_Runner.TestRunner" name="runScenario" time="6.016"/>
</testsuite> <!-- test_Runner.TestRunner -->
