<?xml version="1.0" encoding="UTF-8"?>
<testsuite xmlns:xsi="http://www.w3.org/2001/XMLSchema-instance" xsi:noNamespaceSchemaLocation="https://maven.apache.org/surefire/maven-surefire-plugin/xsd/surefire-test-report-3.0.xsd" version="3.0" name="test_Runner.TestRunner" time="299.899" tests="49" errors="0" skipped="0" failures="0">
  <properties>
    <property name="java.specification.version" value="21"/>
    <property name="sun.cpu.isalist" value="amd64"/>
    <property name="sun.jnu.encoding" value="Cp1252"/>
    <property name="java.class.path" value="C:\Users\chand\git\DSAlgo_ProjectGit\DSAlgo_ProjectGit\target\test-classes;C:\Users\chand\git\DSAlgo_ProjectGit\DSAlgo_ProjectGit\target\classes;C:\WINDOWS\system32\config\systemprofile\.m2\repository\org\apache\maven\plugins\maven-compiler-plugin\3.12.1\maven-compiler-plugin-3.12.1.jar;C:\WINDOWS\system32\config\systemprofile\.m2\repository\org\apache\maven\shared\maven-shared-utils\3.4.2\maven-shared-utils-3.4.2.jar;C:\WINDOWS\system32\config\systemprofile\.m2\repository\org\apache\maven\shared\maven-shared-incremental\1.1\maven-shared-incremental-1.1.jar;C:\WINDOWS\system32\config\systemprofile\.m2\repository\org\codehaus\plexus\plexus-component-annotations\1.5.5\plexus-component-annotations-1.5.5.jar;C:\WINDOWS\system32\config\systemprofile\.m2\repository\org\codehaus\plexus\plexus-java\1.2.0\plexus-java-1.2.0.jar;C:\WINDOWS\system32\config\systemprofile\.m2\repository\org\ow2\asm\asm\9.6\asm-9.6.jar;C:\WINDOWS\system32\config\systemprofile\.m2\repository\com\thoughtworks\qdox\qdox\2.0.3\qdox-2.0.3.jar;C:\WINDOWS\system32\config\systemprofile\.m2\repository\org\codehaus\plexus\plexus-compiler-api\2.14.2\plexus-compiler-api-2.14.2.jar;C:\WINDOWS\system32\config\systemprofile\.m2\repository\org\codehaus\plexus\plexus-compiler-manager\2.14.2\plexus-compiler-manager-2.14.2.jar;C:\WINDOWS\system32\config\systemprofile\.m2\repository\javax\inject\javax.inject\1\javax.inject-1.jar;C:\WINDOWS\system32\config\systemprofile\.m2\repository\org\codehaus\plexus\plexus-xml\4.0.1\plexus-xml-4.0.1.jar;C:\WINDOWS\system32\config\systemprofile\.m2\repository\org\apache\maven\maven-xml-impl\4.0.0-alpha-5\maven-xml-impl-4.0.0-alpha-5.jar;C:\WINDOWS\system32\config\systemprofile\.m2\repository\org\apache\maven\maven-api-xml\4.0.0-alpha-5\maven-api-xml-4.0.0-alpha-5.jar;C:\WINDOWS\system32\config\systemprofile\.m2\repository\org\apache\maven\maven-api-meta\4.0.0-alpha-5\maven-api-meta-4.0.0-alpha-5.jar;C:\WINDOWS\system32\config\systemprofile\.m2\repository\org\eclipse\sisu\org.eclipse.sisu.plexus\0.3.5\org.eclipse.sisu.plexus-0.3.5.jar;C:\WINDOWS\system32\config\systemprofile\.m2\repository\javax\annotation\javax.annotation-api\1.2\javax.annotation-api-1.2.jar;C:\WINDOWS\system32\config\systemprofile\.m2\repository\org\eclipse\sisu\org.eclipse.sisu.inject\0.3.5\org.eclipse.sisu.inject-0.3.5.jar;C:\WINDOWS\system32\config\systemprofile\.m2\repository\org\codehaus\plexus\plexus-compiler-javac\2.14.2\plexus-compiler-javac-2.14.2.jar;C:\WINDOWS\system32\config\systemprofile\.m2\repository\org\codehaus\plexus\plexus-utils\4.0.0\plexus-utils-4.0.0.jar;C:\WINDOWS\system32\config\systemprofile\.m2\repository\org\apache\maven\plugins\maven-surefire-plugin\3.2.5\maven-surefire-plugin-3.2.5.jar;C:\WINDOWS\system32\config\systemprofile\.m2\repository\org\apache\maven\surefire\maven-surefire-common\3.2.5\maven-surefire-common-3.2.5.jar;C:\WINDOWS\system32\config\systemprofile\.m2\repository\org\apache\maven\surefire\surefire-api\3.2.5\surefire-api-3.2.5.jar;C:\WINDOWS\system32\config\systemprofile\.m2\repository\org\apache\maven\surefire\surefire-logger-api\3.2.5\surefire-logger-api-3.2.5.jar;C:\WINDOWS\system32\config\systemprofile\.m2\repository\org\apache\maven\surefire\surefire-extensions-api\3.2.5\surefire-extensions-api-3.2.5.jar;C:\WINDOWS\system32\config\systemprofile\.m2\repository\org\apache\maven\surefire\surefire-booter\3.2.5\surefire-booter-3.2.5.jar;C:\WINDOWS\system32\config\systemprofile\.m2\repository\org\apache\maven\surefire\surefire-extensions-spi\3.2.5\surefire-extensions-spi-3.2.5.jar;C:\WINDOWS\system32\config\systemprofile\.m2\repository\org\eclipse\aether\aether-util\1.0.0.v20140518\aether-util-1.0.0.v20140518.jar;C:\WINDOWS\system32\config\systemprofile\.m2\repository\org\eclipse\aether\aether-api\1.0.0.v20140518\aether-api-1.0.0.v20140518.jar;C:\WINDOWS\system32\config\systemprofile\.m2\repository\org\apache\maven\shared\maven-common-artifact-filters\3.1.1\maven-common-artifact-filters-3.1.1.jar;C:\WINDOWS\system32\config\systemprofile\.m2\repository\org\apache\maven\maven-artifact\3.1.0\maven-artifact-3.1.0.jar;C:\WINDOWS\system32\config\systemprofile\.m2\repository\org\apache\maven\maven-core\3.1.0\maven-core-3.1.0.jar;C:\WINDOWS\system32\config\systemprofile\.m2\repository\org\apache\maven\maven-settings\3.1.0\maven-settings-3.1.0.jar;C:\WINDOWS\system32\config\systemprofile\.m2\repository\org\apache\maven\maven-settings-builder\3.1.0\maven-settings-builder-3.1.0.jar;C:\WINDOWS\system32\config\systemprofile\.m2\repository\org\apache\maven\maven-repository-metadata\3.1.0\maven-repository-metadata-3.1.0.jar;C:\WINDOWS\system32\config\systemprofile\.m2\repository\org\apache\maven\maven-model-builder\3.1.0\maven-model-builder-3.1.0.jar;C:\WINDOWS\system32\config\systemprofile\.m2\repository\org\apache\maven\maven-aether-provider\3.1.0\maven-aether-provider-3.1.0.jar;C:\WINDOWS\system32\config\systemprofile\.m2\repository\org\eclipse\aether\aether-spi\0.9.0.M2\aether-spi-0.9.0.M2.jar;C:\WINDOWS\system32\config\systemprofile\.m2\repository\org\eclipse\aether\aether-impl\0.9.0.M2\aether-impl-0.9.0.M2.jar;C:\WINDOWS\system32\config\systemprofile\.m2\repository\org\codehaus\plexus\plexus-interpolation\1.16\plexus-interpolation-1.16.jar;C:\WINDOWS\system32\config\systemprofile\.m2\repository\org\codehaus\plexus\plexus-classworlds\2.4.2\plexus-classworlds-2.4.2.jar;C:\WINDOWS\system32\config\systemprofile\.m2\repository\org\sonatype\plexus\plexus-sec-dispatcher\1.3\plexus-sec-dispatcher-1.3.jar;C:\WINDOWS\system32\config\systemprofile\.m2\repository\org\sonatype\plexus\plexus-cipher\1.4\plexus-cipher-1.4.jar;C:\WINDOWS\system32\config\systemprofile\.m2\repository\org\apache\maven\maven-plugin-api\3.1.0\maven-plugin-api-3.1.0.jar;C:\WINDOWS\system32\config\systemprofile\.m2\repository\org\apache\maven\surefire\surefire-shared-utils\3.2.5\surefire-shared-utils-3.2.5.jar;C:\WINDOWS\system32\config\systemprofile\.m2\repository\org\seleniumhq\selenium\selenium-java\4.16.1\selenium-java-4.16.1.jar;C:\WINDOWS\system32\config\systemprofile\.m2\repository\org\seleniumhq\selenium\selenium-api\4.16.1\selenium-api-4.16.1.jar;C:\WINDOWS\system32\config\systemprofile\.m2\repository\org\seleniumhq\selenium\selenium-chrome-driver\4.16.1\selenium-chrome-driver-4.16.1.jar;C:\WINDOWS\system32\config\systemprofile\.m2\repository\com\google\auto\service\auto-service-annotations\1.1.1\auto-service-annotations-1.1.1.jar;C:\WINDOWS\system32\config\systemprofile\.m2\repository\org\seleniumhq\selenium\selenium-chromium-driver\4.16.1\selenium-chromium-driver-4.16.1.jar;C:\WINDOWS\system32\config\systemprofile\.m2\repository\org\seleniumhq\selenium\selenium-json\4.16.1\selenium-json-4.16.1.jar;C:\WINDOWS\system32\config\systemprofile\.m2\repository\org\seleniumhq\selenium\selenium-manager\4.16.1\selenium-manager-4.16.1.jar;C:\WINDOWS\system32\config\systemprofile\.m2\repository\org\seleniumhq\selenium\selenium-devtools-v118\4.16.1\selenium-devtools-v118-4.16.1.jar;C:\WINDOWS\system32\config\systemprofile\.m2\repository\org\seleniumhq\selenium\selenium-devtools-v119\4.16.1\selenium-devtools-v119-4.16.1.jar;C:\WINDOWS\system32\config\systemprofile\.m2\repository\org\seleniumhq\selenium\selenium-devtools-v120\4.16.1\selenium-devtools-v120-4.16.1.jar;C:\WINDOWS\system32\config\systemprofile\.m2\repository\org\seleniumhq\selenium\selenium-devtools-v85\4.16.1\selenium-devtools-v85-4.16.1.jar;C:\WINDOWS\system32\config\systemprofile\.m2\repository\org\seleniumhq\selenium\selenium-edge-driver\4.16.1\selenium-edge-driver-4.16.1.jar;C:\WINDOWS\system32\config\systemprofile\.m2\repository\org\seleniumhq\selenium\selenium-firefox-driver\4.16.1\selenium-firefox-driver-4.16.1.jar;C:\WINDOWS\system32\config\systemprofile\.m2\repository\org\seleniumhq\selenium\selenium-http\4.16.1\selenium-http-4.16.1.jar;C:\WINDOWS\system32\config\systemprofile\.m2\repository\dev\failsafe\failsafe\3.3.2\failsafe-3.3.2.jar;C:\WINDOWS\system32\config\systemprofile\.m2\repository\org\seleniumhq\selenium\selenium-ie-driver\4.16.1\selenium-ie-driver-4.16.1.jar;C:\WINDOWS\system32\config\systemprofile\.m2\repository\org\seleniumhq\selenium\selenium-remote-driver\4.16.1\selenium-remote-driver-4.16.1.jar;C:\WINDOWS\system32\config\systemprofile\.m2\repository\com\google\guava\guava\32.1.2-jre\guava-32.1.2-jre.jar;C:\WINDOWS\system32\config\systemprofile\.m2\repository\com\google\guava\failureaccess\1.0.1\failureaccess-1.0.1.jar;C:\WINDOWS\system32\config\systemprofile\.m2\repository\com\google\guava\listenablefuture\9999.0-empty-to-avoid-conflict-with-guava\listenablefuture-9999.0-empty-to-avoid-conflict-with-guava.jar;C:\WINDOWS\system32\config\systemprofile\.m2\repository\com\google\code\findbugs\jsr305\3.0.2\jsr305-3.0.2.jar;C:\WINDOWS\system32\config\systemprofile\.m2\repository\org\checkerframework\checker-qual\3.33.0\checker-qual-3.33.0.jar;C:\WINDOWS\system32\config\systemprofile\.m2\repository\com\google\errorprone\error_prone_annotations\2.18.0\error_prone_annotations-2.18.0.jar;C:\WINDOWS\system32\config\systemprofile\.m2\repository\com\google\j2objc\j2objc-annotations\2.8\j2objc-annotations-2.8.jar;C:\WINDOWS\system32\config\systemprofile\.m2\repository\io\opentelemetry\opentelemetry-api\1.28.0\opentelemetry-api-1.28.0.jar;C:\WINDOWS\system32\config\systemprofile\.m2\repository\io\opentelemetry\opentelemetry-context\1.28.0\opentelemetry-context-1.28.0.jar;C:\WINDOWS\system32\config\systemprofile\.m2\repository\io\opentelemetry\opentelemetry-exporter-logging\1.28.0\opentelemetry-exporter-logging-1.28.0.jar;C:\WINDOWS\system32\config\systemprofile\.m2\repository\io\opentelemetry\opentelemetry-sdk-metrics\1.28.0\opentelemetry-sdk-metrics-1.28.0.jar;C:\WINDOWS\system32\config\systemprofile\.m2\repository\io\opentelemetry\opentelemetry-extension-incubator\1.28.0-alpha\opentelemetry-extension-incubator-1.28.0-alpha.jar;C:\WINDOWS\system32\config\systemprofile\.m2\repository\io\opentelemetry\opentelemetry-sdk-logs\1.28.0\opentelemetry-sdk-logs-1.28.0.jar;C:\WINDOWS\system32\config\systemprofile\.m2\repository\io\opentelemetry\opentelemetry-sdk-common\1.28.0\opentelemetry-sdk-common-1.28.0.jar;C:\WINDOWS\system32\config\systemprofile\.m2\repository\io\opentelemetry\opentelemetry-sdk-extension-autoconfigure-spi\1.28.0\opentelemetry-sdk-extension-autoconfigure-spi-1.28.0.jar;C:\WINDOWS\system32\config\systemprofile\.m2\repository\io\opentelemetry\opentelemetry-sdk-extension-autoconfigure\1.28.0\opentelemetry-sdk-extension-autoconfigure-1.28.0.jar;C:\WINDOWS\system32\config\systemprofile\.m2\repository\io\opentelemetry\opentelemetry-api-events\1.28.0-alpha\opentelemetry-api-events-1.28.0-alpha.jar;C:\WINDOWS\system32\config\systemprofile\.m2\repository\io\opentelemetry\opentelemetry-sdk-trace\1.28.0\opentelemetry-sdk-trace-1.28.0.jar;C:\WINDOWS\system32\config\systemprofile\.m2\repository\io\opentelemetry\opentelemetry-sdk\1.28.0\opentelemetry-sdk-1.28.0.jar;C:\WINDOWS\system32\config\systemprofile\.m2\repository\io\opentelemetry\opentelemetry-semconv\1.28.0-alpha\opentelemetry-semconv-1.28.0-alpha.jar;C:\WINDOWS\system32\config\systemprofile\.m2\repository\net\bytebuddy\byte-buddy\1.14.5\byte-buddy-1.14.5.jar;C:\WINDOWS\system32\config\systemprofile\.m2\repository\org\seleniumhq\selenium\selenium-os\4.16.1\selenium-os-4.16.1.jar;C:\WINDOWS\system32\config\systemprofile\.m2\repository\org\apache\commons\commons-exec\1.3\commons-exec-1.3.jar;C:\WINDOWS\system32\config\systemprofile\.m2\repository\org\seleniumhq\selenium\selenium-safari-driver\4.16.1\selenium-safari-driver-4.16.1.jar;C:\WINDOWS\system32\config\systemprofile\.m2\repository\org\seleniumhq\selenium\selenium-support\4.16.1\selenium-support-4.16.1.jar;C:\WINDOWS\system32\config\systemprofile\.m2\repository\io\cucumber\cucumber-java\7.15.0\cucumber-java-7.15.0.jar;C:\WINDOWS\system32\config\systemprofile\.m2\repository\io\cucumber\cucumber-core\7.15.0\cucumber-core-7.15.0.jar;C:\WINDOWS\system32\config\systemprofile\.m2\repository\io\cucumber\cucumber-gherkin\7.15.0\cucumber-gherkin-7.15.0.jar;C:\WINDOWS\system32\config\systemprofile\.m2\repository\io\cucumber\cucumber-gherkin-messages\7.15.0\cucumber-gherkin-messages-7.15.0.jar;C:\WINDOWS\system32\config\systemprofile\.m2\repository\io\cucumber\gherkin\26.2.0\gherkin-26.2.0.jar;C:\WINDOWS\system32\config\systemprofile\.m2\repository\io\cucumber\messages\22.0.0\messages-22.0.0.jar;C:\WINDOWS\system32\config\systemprofile\.m2\repository\io\cucumber\tag-expressions\6.0.0\tag-expressions-6.0.0.jar;C:\WINDOWS\system32\config\systemprofile\.m2\repository\io\cucumber\cucumber-expressions\17.0.1\cucumber-expressions-17.0.1.jar;C:\WINDOWS\system32\config\systemprofile\.m2\repository\io\cucumber\datatable\7.15.0\datatable-7.15.0.jar;C:\WINDOWS\system32\config\systemprofile\.m2\repository\io\cucumber\cucumber-plugin\7.15.0\cucumber-plugin-7.15.0.jar;C:\WINDOWS\system32\config\systemprofile\.m2\repository\io\cucumber\docstring\7.15.0\docstring-7.15.0.jar;C:\WINDOWS\system32\config\systemprofile\.m2\repository\io\cucumber\html-formatter\20.4.0\html-formatter-20.4.0.jar;C:\WINDOWS\system32\config\systemprofile\.m2\repository\io\cucumber\junit-xml-formatter\0.2.0\junit-xml-formatter-0.2.0.jar;C:\WINDOWS\system32\config\systemprofile\.m2\repository\io\cucumber\ci-environment\10.0.0\ci-environment-10.0.0.jar;C:\WINDOWS\system32\config\systemprofile\.m2\repository\org\apiguardian\apiguardian-api\1.1.2\apiguardian-api-1.1.2.jar;C:\WINDOWS\system32\config\systemprofile\.m2\repository\org\slf4j\slf4j-api\2.1.0-alpha1\slf4j-api-2.1.0-alpha1.jar;C:\WINDOWS\system32\config\systemprofile\.m2\repository\org\apache\logging\log4j\log4j-core\2.22.1\log4j-core-2.22.1.jar;C:\WINDOWS\system32\config\systemprofile\.m2\repository\org\apache\logging\log4j\log4j-api\2.22.1\log4j-api-2.22.1.jar;C:\WINDOWS\system32\config\systemprofile\.m2\repository\io\cucumber\cucumber-junit\7.15.0\cucumber-junit-7.15.0.jar;C:\WINDOWS\system32\config\systemprofile\.m2\repository\junit\junit\4.13.2\junit-4.13.2.jar;C:\WINDOWS\system32\config\systemprofile\.m2\repository\org\hamcrest\hamcrest-core\1.3\hamcrest-core-1.3.jar;C:\WINDOWS\system32\config\systemprofile\.m2\repository\io\cucumber\cucumber-testng\7.15.0\cucumber-testng-7.15.0.jar;C:\WINDOWS\system32\config\systemprofile\.m2\repository\org\testng\testng\7.9.0\testng-7.9.0.jar;C:\WINDOWS\system32\config\systemprofile\.m2\repository\com\beust\jcommander\1.82\jcommander-1.82.jar;C:\WINDOWS\system32\config\systemprofile\.m2\repository\org\webjars\jquery\3.7.1\jquery-3.7.1.jar;C:\WINDOWS\system32\config\systemprofile\.m2\repository\org\apache\poi\poi-ooxml\5.2.5\poi-ooxml-5.2.5.jar;C:\WINDOWS\system32\config\systemprofile\.m2\repository\org\apache\poi\poi\5.2.5\poi-5.2.5.jar;C:\WINDOWS\system32\config\systemprofile\.m2\repository\commons-codec\commons-codec\1.16.0\commons-codec-1.16.0.jar;C:\WINDOWS\system32\config\systemprofile\.m2\repository\org\apache\commons\commons-math3\3.6.1\commons-math3-3.6.1.jar;C:\WINDOWS\system32\config\systemprofile\.m2\repository\com\zaxxer\SparseBitSet\1.3\SparseBitSet-1.3.jar;C:\WINDOWS\system32\config\systemprofile\.m2\repository\org\apache\poi\poi-ooxml-lite\5.2.5\poi-ooxml-lite-5.2.5.jar;C:\WINDOWS\system32\config\systemprofile\.m2\repository\org\apache\xmlbeans\xmlbeans\5.2.0\xmlbeans-5.2.0.jar;C:\WINDOWS\system32\config\systemprofile\.m2\repository\org\apache\commons\commons-compress\1.25.0\commons-compress-1.25.0.jar;C:\WINDOWS\system32\config\systemprofile\.m2\repository\commons-io\commons-io\2.15.0\commons-io-2.15.0.jar;C:\WINDOWS\system32\config\systemprofile\.m2\repository\com\github\virtuald\curvesapi\1.08\curvesapi-1.08.jar;C:\WINDOWS\system32\config\systemprofile\.m2\repository\org\apache\commons\commons-collections4\4.4\commons-collections4-4.4.jar;C:\WINDOWS\system32\config\systemprofile\.m2\repository\io\qameta\allure\allure-testng\2.25.0\allure-testng-2.25.0.jar;C:\WINDOWS\system32\config\systemprofile\.m2\repository\io\qameta\allure\allure-java-commons\2.25.0\allure-java-commons-2.25.0.jar;C:\WINDOWS\system32\config\systemprofile\.m2\repository\io\qameta\allure\allure-model\2.25.0\allure-model-2.25.0.jar;C:\WINDOWS\system32\config\systemprofile\.m2\repository\io\qameta\allure\allure-test-filter\2.25.0\allure-test-filter-2.25.0.jar;"/>
    <property name="java.vm.vendor" value="Oracle Corporation"/>
    <property name="sun.arch.data.model" value="64"/>
    <property name="user.variant" value=""/>
    <property name="java.vendor.url" value="https://java.oracle.com/"/>
    <property name="user.timezone" value="America/Los_Angeles"/>
    <property name="os.name" value="Windows 11"/>
    <property name="java.vm.specification.version" value="21"/>
    <property name="sun.java.launcher" value="SUN_STANDARD"/>
    <property name="user.country" value="US"/>
    <property name="sun.boot.library.path" value="D:\Software\jdk-21_windows-x64_bin\jdk-21.0.1\bin"/>
    <property name="sun.java.command" value="C:\Windows\Temp\surefire8192600156128178192\surefirebooter-20240125224811408_3.jar C:\Windows\Temp\surefire8192600156128178192 2024-01-25T22-48-11_287-jvmRun1 surefire-20240125224811408_1tmp surefire_0-20240125224811408_2tmp"/>
    <property name="jdk.debug" value="release"/>
    <property name="surefire.test.class.path" value="C:\Users\chand\git\DSAlgo_ProjectGit\DSAlgo_ProjectGit\target\test-classes;C:\Users\chand\git\DSAlgo_ProjectGit\DSAlgo_ProjectGit\target\classes;C:\WINDOWS\system32\config\systemprofile\.m2\repository\org\apache\maven\plugins\maven-compiler-plugin\3.12.1\maven-compiler-plugin-3.12.1.jar;C:\WINDOWS\system32\config\systemprofile\.m2\repository\org\apache\maven\shared\maven-shared-utils\3.4.2\maven-shared-utils-3.4.2.jar;C:\WINDOWS\system32\config\systemprofile\.m2\repository\org\apache\maven\shared\maven-shared-incremental\1.1\maven-shared-incremental-1.1.jar;C:\WINDOWS\system32\config\systemprofile\.m2\repository\org\codehaus\plexus\plexus-component-annotations\1.5.5\plexus-component-annotations-1.5.5.jar;C:\WINDOWS\system32\config\systemprofile\.m2\repository\org\codehaus\plexus\plexus-java\1.2.0\plexus-java-1.2.0.jar;C:\WINDOWS\system32\config\systemprofile\.m2\repository\org\ow2\asm\asm\9.6\asm-9.6.jar;C:\WINDOWS\system32\config\systemprofile\.m2\repository\com\thoughtworks\qdox\qdox\2.0.3\qdox-2.0.3.jar;C:\WINDOWS\system32\config\systemprofile\.m2\repository\org\codehaus\plexus\plexus-compiler-api\2.14.2\plexus-compiler-api-2.14.2.jar;C:\WINDOWS\system32\config\systemprofile\.m2\repository\org\codehaus\plexus\plexus-compiler-manager\2.14.2\plexus-compiler-manager-2.14.2.jar;C:\WINDOWS\system32\config\systemprofile\.m2\repository\javax\inject\javax.inject\1\javax.inject-1.jar;C:\WINDOWS\system32\config\systemprofile\.m2\repository\org\codehaus\plexus\plexus-xml\4.0.1\plexus-xml-4.0.1.jar;C:\WINDOWS\system32\config\systemprofile\.m2\repository\org\apache\maven\maven-xml-impl\4.0.0-alpha-5\maven-xml-impl-4.0.0-alpha-5.jar;C:\WINDOWS\system32\config\systemprofile\.m2\repository\org\apache\maven\maven-api-xml\4.0.0-alpha-5\maven-api-xml-4.0.0-alpha-5.jar;C:\WINDOWS\system32\config\systemprofile\.m2\repository\org\apache\maven\maven-api-meta\4.0.0-alpha-5\maven-api-meta-4.0.0-alpha-5.jar;C:\WINDOWS\system32\config\systemprofile\.m2\repository\org\eclipse\sisu\org.eclipse.sisu.plexus\0.3.5\org.eclipse.sisu.plexus-0.3.5.jar;C:\WINDOWS\system32\config\systemprofile\.m2\repository\javax\annotation\javax.annotation-api\1.2\javax.annotation-api-1.2.jar;C:\WINDOWS\system32\config\systemprofile\.m2\repository\org\eclipse\sisu\org.eclipse.sisu.inject\0.3.5\org.eclipse.sisu.inject-0.3.5.jar;C:\WINDOWS\system32\config\systemprofile\.m2\repository\org\codehaus\plexus\plexus-compiler-javac\2.14.2\plexus-compiler-javac-2.14.2.jar;C:\WINDOWS\system32\config\systemprofile\.m2\repository\org\codehaus\plexus\plexus-utils\4.0.0\plexus-utils-4.0.0.jar;C:\WINDOWS\system32\config\systemprofile\.m2\repository\org\apache\maven\plugins\maven-surefire-plugin\3.2.5\maven-surefire-plugin-3.2.5.jar;C:\WINDOWS\system32\config\systemprofile\.m2\repository\org\apache\maven\surefire\maven-surefire-common\3.2.5\maven-surefire-common-3.2.5.jar;C:\WINDOWS\system32\config\systemprofile\.m2\repository\org\apache\maven\surefire\surefire-api\3.2.5\surefire-api-3.2.5.jar;C:\WINDOWS\system32\config\systemprofile\.m2\repository\org\apache\maven\surefire\surefire-logger-api\3.2.5\surefire-logger-api-3.2.5.jar;C:\WINDOWS\system32\config\systemprofile\.m2\repository\org\apache\maven\surefire\surefire-extensions-api\3.2.5\surefire-extensions-api-3.2.5.jar;C:\WINDOWS\system32\config\systemprofile\.m2\repository\org\apache\maven\surefire\surefire-booter\3.2.5\surefire-booter-3.2.5.jar;C:\WINDOWS\system32\config\systemprofile\.m2\repository\org\apache\maven\surefire\surefire-extensions-spi\3.2.5\surefire-extensions-spi-3.2.5.jar;C:\WINDOWS\system32\config\systemprofile\.m2\repository\org\eclipse\aether\aether-util\1.0.0.v20140518\aether-util-1.0.0.v20140518.jar;C:\WINDOWS\system32\config\systemprofile\.m2\repository\org\eclipse\aether\aether-api\1.0.0.v20140518\aether-api-1.0.0.v20140518.jar;C:\WINDOWS\system32\config\systemprofile\.m2\repository\org\apache\maven\shared\maven-common-artifact-filters\3.1.1\maven-common-artifact-filters-3.1.1.jar;C:\WINDOWS\system32\config\systemprofile\.m2\repository\org\apache\maven\maven-artifact\3.1.0\maven-artifact-3.1.0.jar;C:\WINDOWS\system32\config\systemprofile\.m2\repository\org\apache\maven\maven-core\3.1.0\maven-core-3.1.0.jar;C:\WINDOWS\system32\config\systemprofile\.m2\repository\org\apache\maven\maven-settings\3.1.0\maven-settings-3.1.0.jar;C:\WINDOWS\system32\config\systemprofile\.m2\repository\org\apache\maven\maven-settings-builder\3.1.0\maven-settings-builder-3.1.0.jar;C:\WINDOWS\system32\config\systemprofile\.m2\repository\org\apache\maven\maven-repository-metadata\3.1.0\maven-repository-metadata-3.1.0.jar;C:\WINDOWS\system32\config\systemprofile\.m2\repository\org\apache\maven\maven-model-builder\3.1.0\maven-model-builder-3.1.0.jar;C:\WINDOWS\system32\config\systemprofile\.m2\repository\org\apache\maven\maven-aether-provider\3.1.0\maven-aether-provider-3.1.0.jar;C:\WINDOWS\system32\config\systemprofile\.m2\repository\org\eclipse\aether\aether-spi\0.9.0.M2\aether-spi-0.9.0.M2.jar;C:\WINDOWS\system32\config\systemprofile\.m2\repository\org\eclipse\aether\aether-impl\0.9.0.M2\aether-impl-0.9.0.M2.jar;C:\WINDOWS\system32\config\systemprofile\.m2\repository\org\codehaus\plexus\plexus-interpolation\1.16\plexus-interpolation-1.16.jar;C:\WINDOWS\system32\config\systemprofile\.m2\repository\org\codehaus\plexus\plexus-classworlds\2.4.2\plexus-classworlds-2.4.2.jar;C:\WINDOWS\system32\config\systemprofile\.m2\repository\org\sonatype\plexus\plexus-sec-dispatcher\1.3\plexus-sec-dispatcher-1.3.jar;C:\WINDOWS\system32\config\systemprofile\.m2\repository\org\sonatype\plexus\plexus-cipher\1.4\plexus-cipher-1.4.jar;C:\WINDOWS\system32\config\systemprofile\.m2\repository\org\apache\maven\maven-plugin-api\3.1.0\maven-plugin-api-3.1.0.jar;C:\WINDOWS\system32\config\systemprofile\.m2\repository\org\apache\maven\surefire\surefire-shared-utils\3.2.5\surefire-shared-utils-3.2.5.jar;C:\WINDOWS\system32\config\systemprofile\.m2\repository\org\seleniumhq\selenium\selenium-java\4.16.1\selenium-java-4.16.1.jar;C:\WINDOWS\system32\config\systemprofile\.m2\repository\org\seleniumhq\selenium\selenium-api\4.16.1\selenium-api-4.16.1.jar;C:\WINDOWS\system32\config\systemprofile\.m2\repository\org\seleniumhq\selenium\selenium-chrome-driver\4.16.1\selenium-chrome-driver-4.16.1.jar;C:\WINDOWS\system32\config\systemprofile\.m2\repository\com\google\auto\service\auto-service-annotations\1.1.1\auto-service-annotations-1.1.1.jar;C:\WINDOWS\system32\config\systemprofile\.m2\repository\org\seleniumhq\selenium\selenium-chromium-driver\4.16.1\selenium-chromium-driver-4.16.1.jar;C:\WINDOWS\system32\config\systemprofile\.m2\repository\org\seleniumhq\selenium\selenium-json\4.16.1\selenium-json-4.16.1.jar;C:\WINDOWS\system32\config\systemprofile\.m2\repository\org\seleniumhq\selenium\selenium-manager\4.16.1\selenium-manager-4.16.1.jar;C:\WINDOWS\system32\config\systemprofile\.m2\repository\org\seleniumhq\selenium\selenium-devtools-v118\4.16.1\selenium-devtools-v118-4.16.1.jar;C:\WINDOWS\system32\config\systemprofile\.m2\repository\org\seleniumhq\selenium\selenium-devtools-v119\4.16.1\selenium-devtools-v119-4.16.1.jar;C:\WINDOWS\system32\config\systemprofile\.m2\repository\org\seleniumhq\selenium\selenium-devtools-v120\4.16.1\selenium-devtools-v120-4.16.1.jar;C:\WINDOWS\system32\config\systemprofile\.m2\repository\org\seleniumhq\selenium\selenium-devtools-v85\4.16.1\selenium-devtools-v85-4.16.1.jar;C:\WINDOWS\system32\config\systemprofile\.m2\repository\org\seleniumhq\selenium\selenium-edge-driver\4.16.1\selenium-edge-driver-4.16.1.jar;C:\WINDOWS\system32\config\systemprofile\.m2\repository\org\seleniumhq\selenium\selenium-firefox-driver\4.16.1\selenium-firefox-driver-4.16.1.jar;C:\WINDOWS\system32\config\systemprofile\.m2\repository\org\seleniumhq\selenium\selenium-http\4.16.1\selenium-http-4.16.1.jar;C:\WINDOWS\system32\config\systemprofile\.m2\repository\dev\failsafe\failsafe\3.3.2\failsafe-3.3.2.jar;C:\WINDOWS\system32\config\systemprofile\.m2\repository\org\seleniumhq\selenium\selenium-ie-driver\4.16.1\selenium-ie-driver-4.16.1.jar;C:\WINDOWS\system32\config\systemprofile\.m2\repository\org\seleniumhq\selenium\selenium-remote-driver\4.16.1\selenium-remote-driver-4.16.1.jar;C:\WINDOWS\system32\config\systemprofile\.m2\repository\com\google\guava\guava\32.1.2-jre\guava-32.1.2-jre.jar;C:\WINDOWS\system32\config\systemprofile\.m2\repository\com\google\guava\failureaccess\1.0.1\failureaccess-1.0.1.jar;C:\WINDOWS\system32\config\systemprofile\.m2\repository\com\google\guava\listenablefuture\9999.0-empty-to-avoid-conflict-with-guava\listenablefuture-9999.0-empty-to-avoid-conflict-with-guava.jar;C:\WINDOWS\system32\config\systemprofile\.m2\repository\com\google\code\findbugs\jsr305\3.0.2\jsr305-3.0.2.jar;C:\WINDOWS\system32\config\systemprofile\.m2\repository\org\checkerframework\checker-qual\3.33.0\checker-qual-3.33.0.jar;C:\WINDOWS\system32\config\systemprofile\.m2\repository\com\google\errorprone\error_prone_annotations\2.18.0\error_prone_annotations-2.18.0.jar;C:\WINDOWS\system32\config\systemprofile\.m2\repository\com\google\j2objc\j2objc-annotations\2.8\j2objc-annotations-2.8.jar;C:\WINDOWS\system32\config\systemprofile\.m2\repository\io\opentelemetry\opentelemetry-api\1.28.0\opentelemetry-api-1.28.0.jar;C:\WINDOWS\system32\config\systemprofile\.m2\repository\io\opentelemetry\opentelemetry-context\1.28.0\opentelemetry-context-1.28.0.jar;C:\WINDOWS\system32\config\systemprofile\.m2\repository\io\opentelemetry\opentelemetry-exporter-logging\1.28.0\opentelemetry-exporter-logging-1.28.0.jar;C:\WINDOWS\system32\config\systemprofile\.m2\repository\io\opentelemetry\opentelemetry-sdk-metrics\1.28.0\opentelemetry-sdk-metrics-1.28.0.jar;C:\WINDOWS\system32\config\systemprofile\.m2\repository\io\opentelemetry\opentelemetry-extension-incubator\1.28.0-alpha\opentelemetry-extension-incubator-1.28.0-alpha.jar;C:\WINDOWS\system32\config\systemprofile\.m2\repository\io\opentelemetry\opentelemetry-sdk-logs\1.28.0\opentelemetry-sdk-logs-1.28.0.jar;C:\WINDOWS\system32\config\systemprofile\.m2\repository\io\opentelemetry\opentelemetry-sdk-common\1.28.0\opentelemetry-sdk-common-1.28.0.jar;C:\WINDOWS\system32\config\systemprofile\.m2\repository\io\opentelemetry\opentelemetry-sdk-extension-autoconfigure-spi\1.28.0\opentelemetry-sdk-extension-autoconfigure-spi-1.28.0.jar;C:\WINDOWS\system32\config\systemprofile\.m2\repository\io\opentelemetry\opentelemetry-sdk-extension-autoconfigure\1.28.0\opentelemetry-sdk-extension-autoconfigure-1.28.0.jar;C:\WINDOWS\system32\config\systemprofile\.m2\repository\io\opentelemetry\opentelemetry-api-events\1.28.0-alpha\opentelemetry-api-events-1.28.0-alpha.jar;C:\WINDOWS\system32\config\systemprofile\.m2\repository\io\opentelemetry\opentelemetry-sdk-trace\1.28.0\opentelemetry-sdk-trace-1.28.0.jar;C:\WINDOWS\system32\config\systemprofile\.m2\repository\io\opentelemetry\opentelemetry-sdk\1.28.0\opentelemetry-sdk-1.28.0.jar;C:\WINDOWS\system32\config\systemprofile\.m2\repository\io\opentelemetry\opentelemetry-semconv\1.28.0-alpha\opentelemetry-semconv-1.28.0-alpha.jar;C:\WINDOWS\system32\config\systemprofile\.m2\repository\net\bytebuddy\byte-buddy\1.14.5\byte-buddy-1.14.5.jar;C:\WINDOWS\system32\config\systemprofile\.m2\repository\org\seleniumhq\selenium\selenium-os\4.16.1\selenium-os-4.16.1.jar;C:\WINDOWS\system32\config\systemprofile\.m2\repository\org\apache\commons\commons-exec\1.3\commons-exec-1.3.jar;C:\WINDOWS\system32\config\systemprofile\.m2\repository\org\seleniumhq\selenium\selenium-safari-driver\4.16.1\selenium-safari-driver-4.16.1.jar;C:\WINDOWS\system32\config\systemprofile\.m2\repository\org\seleniumhq\selenium\selenium-support\4.16.1\selenium-support-4.16.1.jar;C:\WINDOWS\system32\config\systemprofile\.m2\repository\io\cucumber\cucumber-java\7.15.0\cucumber-java-7.15.0.jar;C:\WINDOWS\system32\config\systemprofile\.m2\repository\io\cucumber\cucumber-core\7.15.0\cucumber-core-7.15.0.jar;C:\WINDOWS\system32\config\systemprofile\.m2\repository\io\cucumber\cucumber-gherkin\7.15.0\cucumber-gherkin-7.15.0.jar;C:\WINDOWS\system32\config\systemprofile\.m2\repository\io\cucumber\cucumber-gherkin-messages\7.15.0\cucumber-gherkin-messages-7.15.0.jar;C:\WINDOWS\system32\config\systemprofile\.m2\repository\io\cucumber\gherkin\26.2.0\gherkin-26.2.0.jar;C:\WINDOWS\system32\config\systemprofile\.m2\repository\io\cucumber\messages\22.0.0\messages-22.0.0.jar;C:\WINDOWS\system32\config\systemprofile\.m2\repository\io\cucumber\tag-expressions\6.0.0\tag-expressions-6.0.0.jar;C:\WINDOWS\system32\config\systemprofile\.m2\repository\io\cucumber\cucumber-expressions\17.0.1\cucumber-expressions-17.0.1.jar;C:\WINDOWS\system32\config\systemprofile\.m2\repository\io\cucumber\datatable\7.15.0\datatable-7.15.0.jar;C:\WINDOWS\system32\config\systemprofile\.m2\repository\io\cucumber\cucumber-plugin\7.15.0\cucumber-plugin-7.15.0.jar;C:\WINDOWS\system32\config\systemprofile\.m2\repository\io\cucumber\docstring\7.15.0\docstring-7.15.0.jar;C:\WINDOWS\system32\config\systemprofile\.m2\repository\io\cucumber\html-formatter\20.4.0\html-formatter-20.4.0.jar;C:\WINDOWS\system32\config\systemprofile\.m2\repository\io\cucumber\junit-xml-formatter\0.2.0\junit-xml-formatter-0.2.0.jar;C:\WINDOWS\system32\config\systemprofile\.m2\repository\io\cucumber\ci-environment\10.0.0\ci-environment-10.0.0.jar;C:\WINDOWS\system32\config\systemprofile\.m2\repository\org\apiguardian\apiguardian-api\1.1.2\apiguardian-api-1.1.2.jar;C:\WINDOWS\system32\config\systemprofile\.m2\repository\org\slf4j\slf4j-api\2.1.0-alpha1\slf4j-api-2.1.0-alpha1.jar;C:\WINDOWS\system32\config\systemprofile\.m2\repository\org\apache\logging\log4j\log4j-core\2.22.1\log4j-core-2.22.1.jar;C:\WINDOWS\system32\config\systemprofile\.m2\repository\org\apache\logging\log4j\log4j-api\2.22.1\log4j-api-2.22.1.jar;C:\WINDOWS\system32\config\systemprofile\.m2\repository\io\cucumber\cucumber-junit\7.15.0\cucumber-junit-7.15.0.jar;C:\WINDOWS\system32\config\systemprofile\.m2\repository\junit\junit\4.13.2\junit-4.13.2.jar;C:\WINDOWS\system32\config\systemprofile\.m2\repository\org\hamcrest\hamcrest-core\1.3\hamcrest-core-1.3.jar;C:\WINDOWS\system32\config\systemprofile\.m2\repository\io\cucumber\cucumber-testng\7.15.0\cucumber-testng-7.15.0.jar;C:\WINDOWS\system32\config\systemprofile\.m2\repository\org\testng\testng\7.9.0\testng-7.9.0.jar;C:\WINDOWS\system32\config\systemprofile\.m2\repository\com\beust\jcommander\1.82\jcommander-1.82.jar;C:\WINDOWS\system32\config\systemprofile\.m2\repository\org\webjars\jquery\3.7.1\jquery-3.7.1.jar;C:\WINDOWS\system32\config\systemprofile\.m2\repository\org\apache\poi\poi-ooxml\5.2.5\poi-ooxml-5.2.5.jar;C:\WINDOWS\system32\config\systemprofile\.m2\repository\org\apache\poi\poi\5.2.5\poi-5.2.5.jar;C:\WINDOWS\system32\config\systemprofile\.m2\repository\commons-codec\commons-codec\1.16.0\commons-codec-1.16.0.jar;C:\WINDOWS\system32\config\systemprofile\.m2\repository\org\apache\commons\commons-math3\3.6.1\commons-math3-3.6.1.jar;C:\WINDOWS\system32\config\systemprofile\.m2\repository\com\zaxxer\SparseBitSet\1.3\SparseBitSet-1.3.jar;C:\WINDOWS\system32\config\systemprofile\.m2\repository\org\apache\poi\poi-ooxml-lite\5.2.5\poi-ooxml-lite-5.2.5.jar;C:\WINDOWS\system32\config\systemprofile\.m2\repository\org\apache\xmlbeans\xmlbeans\5.2.0\xmlbeans-5.2.0.jar;C:\WINDOWS\system32\config\systemprofile\.m2\repository\org\apache\commons\commons-compress\1.25.0\commons-compress-1.25.0.jar;C:\WINDOWS\system32\config\systemprofile\.m2\repository\commons-io\commons-io\2.15.0\commons-io-2.15.0.jar;C:\WINDOWS\system32\config\systemprofile\.m2\repository\com\github\virtuald\curvesapi\1.08\curvesapi-1.08.jar;C:\WINDOWS\system32\config\systemprofile\.m2\repository\org\apache\commons\commons-collections4\4.4\commons-collections4-4.4.jar;C:\WINDOWS\system32\config\systemprofile\.m2\repository\io\qameta\allure\allure-testng\2.25.0\allure-testng-2.25.0.jar;C:\WINDOWS\system32\config\systemprofile\.m2\repository\io\qameta\allure\allure-java-commons\2.25.0\allure-java-commons-2.25.0.jar;C:\WINDOWS\system32\config\systemprofile\.m2\repository\io\qameta\allure\allure-model\2.25.0\allure-model-2.25.0.jar;C:\WINDOWS\system32\config\systemprofile\.m2\repository\io\qameta\allure\allure-test-filter\2.25.0\allure-test-filter-2.25.0.jar;"/>
    <property name="sun.cpu.endian" value="little"/>
    <property name="user.home" value="C:\WINDOWS\system32\config\systemprofile"/>
    <property name="user.language" value="en"/>
    <property name="java.specification.vendor" value="Oracle Corporation"/>
    <property name="java.version.date" value="2023-10-17"/>
    <property name="java.home" value="D:\Software\jdk-21_windows-x64_bin\jdk-21.0.1"/>
    <property name="file.separator" value="\"/>
    <property name="basedir" value="C:\Users\chand\git\DSAlgo_ProjectGit\DSAlgo_ProjectGit"/>
    <property name="java.vm.compressedOopsMode" value="Zero based"/>
    <property name="line.separator" value="&#10;"/>
    <property name="java.vm.specification.vendor" value="Oracle Corporation"/>
    <property name="java.specification.name" value="Java Platform API Specification"/>
    <property name="surefire.real.class.path" value="C:\Windows\Temp\surefire8192600156128178192\surefirebooter-20240125224811408_3.jar"/>
    <property name="user.script" value=""/>
    <property name="sun.management.compiler" value="HotSpot 64-Bit Tiered Compilers"/>
    <property name="java.runtime.version" value="21.0.1+12-LTS-29"/>
    <property name="user.name" value="DESKTOP-25LN50V$"/>
    <property name="stdout.encoding" value="Cp1252"/>
    <property name="path.separator" value=";"/>
    <property name="os.version" value="10.0"/>
    <property name="java.runtime.name" value="Java(TM) SE Runtime Environment"/>
    <property name="file.encoding" value="UTF-8"/>
    <property name="java.vm.name" value="Java HotSpot(TM) 64-Bit Server VM"/>
    <property name="localRepository" value="C:\WINDOWS\system32\config\systemprofile\.m2\repository"/>
    <property name="java.vendor.url.bug" value="https://bugreport.java.com/bugreport/"/>
    <property name="java.io.tmpdir" value="C:\WINDOWS\TEMP\"/>
    <property name="java.version" value="21.0.1"/>
    <property name="user.dir" value="C:\Users\chand\git\DSAlgo_ProjectGit\DSAlgo_ProjectGit"/>
    <property name="os.arch" value="amd64"/>
    <property name="java.vm.specification.name" value="Java Virtual Machine Specification"/>
    <property name="sun.os.patch.level" value=""/>
    <property name="native.encoding" value="Cp1252"/>
    <property name="java.library.path" value="D:\Software\jdk-21_windows-x64_bin\jdk-21.0.1\bin;C:\WINDOWS\Sun\Java\bin;C:\WINDOWS\system32;C:\WINDOWS;C:\Program Files%\Jenkins\.jenkins\tools\hudson.tasks.Maven_MavenInstallation\Maven/bin;D:\Software\jdk-21_windows-x64_bin\jdk-21.0.1/bin;D:\Software\jdk-21_windows-x64_bin\jdk-21.0.1/bin;C:\Program Files\Common Files\Oracle\Java\javapath;C:\WINDOWS\system32;C:\WINDOWS;C:\WINDOWS\System32\Wbem;C:\WINDOWS\System32\WindowsPowerShell\v1.0\;C:\WINDOWS\System32\OpenSSH\;C:\Program Files\dotnet\;D:\Software\jdk-20.0.2\bin;D:\Software\allure-2.26.0\allure-2.26.0\bin;D:\Software\apache-maven-3.9.6-bin\apache-maven-3.9.6\bin;C:\Program Files\Git\cmd;C:\WINDOWS\system32\config\systemprofile\AppData\Local\Microsoft\WindowsApps;."/>
    <property name="java.vm.info" value="mixed mode, sharing"/>
    <property name="stderr.encoding" value="Cp1252"/>
    <property name="java.vendor" value="Oracle Corporation"/>
    <property name="java.vm.version" value="21.0.1+12-LTS-29"/>
    <property name="sun.io.unicode.encoding" value="UnicodeLittle"/>
    <property name="java.class.version" value="65.0"/>
  </properties>
  <testcase name="runScenario[&quot;User checks functionalities of the Arrays in Python&quot;, &quot;Verifying the Array functionalities in the DS Algo app&quot;](1)" classname="test_Runner.TestRunner" time="9.07">
    <system-out><![CDATA[
@Array @all @Array_01 @all
Scenario Outline: User checks functionalities of the Arrays in Python                     &amp#27;[90m# src/test/resources/DS_Feature/Array.feature:19&amp#27;[0m
  &amp#27;[32mGiven &amp#27;[0m&amp#27;[32mUser is on the DS Algo portal and click on the get started button&amp#27;[0m                 &amp#27;[90m# stepdefinitions_DS.DS_Array_Steps.user_is_on_the_ds_algo_portal_and_click_on_the_get_started_button()&amp#27;[0m
  &amp#27;[32mThen &amp#27;[0m&amp#27;[32mUser clicks on the sign in link&amp#27;[0m                                                    &amp#27;[90m# stepdefinitions_DS.DS_Array_Steps.user_clicks_on_the_sign_in_link()&amp#27;[0m
  &amp#27;[32mWhen &amp#27;[0m&amp#27;[32mUser is on the login page, user enters the valid email id and password&amp#27;[0m             &amp#27;[90m# stepdefinitions_DS.DS_Array_Steps.user_is_on_the_login_page_user_enters_the_valid_email_id_and_password()&amp#27;[0m
  &amp#27;[32mThen &amp#27;[0m&amp#27;[32mIn the home page user clicks the get started button of Array&amp#27;[0m                       &amp#27;[90m# stepdefinitions_DS.DS_Array_Steps.in_the_home_page_user_clicks_the_get_started_button_of_array()&amp#27;[0m
  &amp#27;[32mWhen &amp#27;[0m&amp#27;[32mUser clicks on the Arrays in Python link&amp#27;[0m                                           &amp#27;[90m# stepdefinitions_DS.DS_Array_Steps.user_clicks_on_the_arrays_in_python_link()&amp#27;[0m
  &amp#27;[32mThen &amp#27;[0m&amp#27;[32mUser navigates to the try editor page&amp#27;[0m                                              &amp#27;[90m# stepdefinitions_DS.DS_Array_Steps.user_navigates_to_the_try_editor_page()&amp#27;[0m
  &amp#27;[32mAnd &amp#27;[0m&amp#27;[32mUser enter the valid python code in the tryeditor from sheet &amp#27;[0m&amp#27;[32m&amp#27;[1m"Data"&amp#27;[0m&amp#27;[32m and rownumber &amp#27;[0m&amp#27;[32m&amp#27;[1m2&amp#27;[0m &amp#27;[90m# stepdefinitions_DS.DS_Array_Steps.user_enter_the_valid_python_code_in_the_tryeditor_from_sheet_and_rownumber(java.lang.String,java.lang.Integer)&amp#27;[0m
The output is: ['Dhiviya', 'Surya', 'Josia', 'Rathna']
  &amp#27;[32mThen &amp#27;[0m&amp#27;[32mUser should get the correct output&amp#27;[0m                                                 &amp#27;[90m# stepdefinitions_DS.DS_Array_Steps.user_should_get_the_correct_output()&amp#27;[0m
]]></system-out>
    <system-err><![CDATA[SLF4J(W): No SLF4J providers were found.
SLF4J(W): Defaulting to no-operation (NOP) logger implementation
SLF4J(W): See https://www.slf4j.org/codes.html#noProviders for further details.
]]></system-err>
  </testcase>
  <testcase name="runScenario[&quot;User checks the functionalities on the Arrays using list&quot;, &quot;Verifying the Array functionalities in the DS Algo app&quot;](2)" classname="test_Runner.TestRunner" time="6.414">
    <system-out><![CDATA[
@Array @all @Array_02 @all
Scenario Outline: User checks the functionalities on the Arrays using list                    &amp#27;[90m# src/test/resources/DS_Feature/Array.feature:30&amp#27;[0m
  &amp#27;[32mGiven &amp#27;[0m&amp#27;[32mUser is on the DS Algo portal and click on the get started button&amp#27;[0m                     &amp#27;[90m# stepdefinitions_DS.DS_Array_Steps.user_is_on_the_ds_algo_portal_and_click_on_the_get_started_button()&amp#27;[0m
  &amp#27;[32mThen &amp#27;[0m&amp#27;[32mUser clicks on the sign in link&amp#27;[0m                                                        &amp#27;[90m# stepdefinitions_DS.DS_Array_Steps.user_clicks_on_the_sign_in_link()&amp#27;[0m
  &amp#27;[32mWhen &amp#27;[0m&amp#27;[32mUser is on the login page, user enters the valid email id and password&amp#27;[0m                 &amp#27;[90m# stepdefinitions_DS.DS_Array_Steps.user_is_on_the_login_page_user_enters_the_valid_email_id_and_password()&amp#27;[0m
  &amp#27;[32mThen &amp#27;[0m&amp#27;[32mIn the home page user clicks the get started button of Array&amp#27;[0m                           &amp#27;[90m# stepdefinitions_DS.DS_Array_Steps.in_the_home_page_user_clicks_the_get_started_button_of_array()&amp#27;[0m
  &amp#27;[32mWhen &amp#27;[0m&amp#27;[32mUser clicks on the Arrays using list link&amp#27;[0m                                              &amp#27;[90m# stepdefinitions_DS.DS_Array_Steps.user_clicks_on_the_arrays_using_list_link()&amp#27;[0m
  &amp#27;[32mThen &amp#27;[0m&amp#27;[32mUser navigates to the try editor page&amp#27;[0m                                                  &amp#27;[90m# stepdefinitions_DS.DS_Array_Steps.user_navigates_to_the_try_editor_page()&amp#27;[0m
  &amp#27;[32mAnd &amp#27;[0m&amp#27;[32mThe User enter the valid python code in the tryeditor from sheet &amp#27;[0m&amp#27;[32m&amp#27;[1m"Data"&amp#27;[0m&amp#27;[32m and rownumber &amp#27;[0m&amp#27;[32m&amp#27;[1m3&amp#27;[0m &amp#27;[90m# stepdefinitions_DS.DS_Array_Steps.the_user_enter_the_valid_python_code_in_the_tryeditor_from_sheet_and_rownumber(java.lang.String,java.lang.Integer)&amp#27;[0m
The output is: The sum of 1.5 and 6.3 is 7.8
  &amp#27;[32mAnd &amp#27;[0m&amp#27;[32mUser should get the correct output&amp#27;[0m                                                      &amp#27;[90m# stepdefinitions_DS.DS_Array_Steps.user_should_get_the_correct_output()&amp#27;[0m
]]></system-out>
  </testcase>
  <testcase name="runScenario[&quot;The user checks the functionalities of the Basic operation list page&quot;, &quot;Verifying the Array functionalities in the DS Algo app&quot;](3)" classname="test_Runner.TestRunner" time="6.356">
    <system-out><![CDATA[
@Array @all @Array_03 @all
Scenario Outline: The user checks the functionalities of the Basic operation list page        &amp#27;[90m# src/test/resources/DS_Feature/Array.feature:41&amp#27;[0m
  &amp#27;[32mGiven &amp#27;[0m&amp#27;[32mUser is on the DS Algo portal and click on the get started button&amp#27;[0m                     &amp#27;[90m# stepdefinitions_DS.DS_Array_Steps.user_is_on_the_ds_algo_portal_and_click_on_the_get_started_button()&amp#27;[0m
  &amp#27;[32mThen &amp#27;[0m&amp#27;[32mUser clicks on the sign in link&amp#27;[0m                                                        &amp#27;[90m# stepdefinitions_DS.DS_Array_Steps.user_clicks_on_the_sign_in_link()&amp#27;[0m
  &amp#27;[32mWhen &amp#27;[0m&amp#27;[32mUser is on the login page, user enters the valid email id and password&amp#27;[0m                 &amp#27;[90m# stepdefinitions_DS.DS_Array_Steps.user_is_on_the_login_page_user_enters_the_valid_email_id_and_password()&amp#27;[0m
  &amp#27;[32mThen &amp#27;[0m&amp#27;[32mIn the home page user clicks the get started button of Array&amp#27;[0m                           &amp#27;[90m# stepdefinitions_DS.DS_Array_Steps.in_the_home_page_user_clicks_the_get_started_button_of_array()&amp#27;[0m
  &amp#27;[32mWhen &amp#27;[0m&amp#27;[32mUser clicks on the Basic opertaion list page&amp#27;[0m                                           &amp#27;[90m# stepdefinitions_DS.DS_Array_Steps.user_clicks_on_the_basic_opertaion_list_page()&amp#27;[0m
  &amp#27;[32mThen &amp#27;[0m&amp#27;[32mUser navigates to the try editor page&amp#27;[0m                                                  &amp#27;[90m# stepdefinitions_DS.DS_Array_Steps.user_navigates_to_the_try_editor_page()&amp#27;[0m
  &amp#27;[32mAnd &amp#27;[0m&amp#27;[32mUser enter the valid python code from sheet &amp#27;[0m&amp#27;[32m&amp#27;[1m"Data"&amp#27;[0m&amp#27;[32m and rownumber &amp#27;[0m&amp#27;[32m&amp#27;[1m4&amp#27;[0m&amp#27;[32m in to the try editor&amp#27;[0m &amp#27;[90m# stepdefinitions_DS.DS_Array_Steps.user_enter_the_valid_python_code_from_sheet_and_rownumber_in_to_the_try_editor(java.lang.String,java.lang.Integer)&amp#27;[0m
The output is: ('Sum of the array is ', 34)
  &amp#27;[32mAnd &amp#27;[0m&amp#27;[32mUser should get the correct output&amp#27;[0m                                                      &amp#27;[90m# stepdefinitions_DS.DS_Array_Steps.user_should_get_the_correct_output()&amp#27;[0m
]]></system-out>
  </testcase>
  <testcase name="runScenario[&quot;The user checks the functionalities of the Appplications of Array page&quot;, &quot;Verifying the Array functionalities in the DS Algo app&quot;](4)" classname="test_Runner.TestRunner" time="6.56">
    <system-out><![CDATA[
@Array @all @Array_04 @all
Scenario Outline: The user checks the functionalities of the Appplications of Array page       &amp#27;[90m# src/test/resources/DS_Feature/Array.feature:52&amp#27;[0m
  &amp#27;[32mGiven &amp#27;[0m&amp#27;[32mUser is on the DS Algo portal and click on the get started button&amp#27;[0m                      &amp#27;[90m# stepdefinitions_DS.DS_Array_Steps.user_is_on_the_ds_algo_portal_and_click_on_the_get_started_button()&amp#27;[0m
  &amp#27;[32mThen &amp#27;[0m&amp#27;[32mUser clicks on the sign in link&amp#27;[0m                                                         &amp#27;[90m# stepdefinitions_DS.DS_Array_Steps.user_clicks_on_the_sign_in_link()&amp#27;[0m
  &amp#27;[32mWhen &amp#27;[0m&amp#27;[32mUser is on the login page, user enters the valid email id and password&amp#27;[0m                  &amp#27;[90m# stepdefinitions_DS.DS_Array_Steps.user_is_on_the_login_page_user_enters_the_valid_email_id_and_password()&amp#27;[0m
  &amp#27;[32mThen &amp#27;[0m&amp#27;[32mIn the home page user clicks the get started button of Array&amp#27;[0m                            &amp#27;[90m# stepdefinitions_DS.DS_Array_Steps.in_the_home_page_user_clicks_the_get_started_button_of_array()&amp#27;[0m
  &amp#27;[32mWhen &amp#27;[0m&amp#27;[32mUser clicks on the Applications of Array link&amp#27;[0m                                           &amp#27;[90m# stepdefinitions_DS.DS_Array_Steps.user_clicks_on_the_applications_of_array_link()&amp#27;[0m
  &amp#27;[32mThen &amp#27;[0m&amp#27;[32mUser navigates to the try editor page&amp#27;[0m                                                   &amp#27;[90m# stepdefinitions_DS.DS_Array_Steps.user_navigates_to_the_try_editor_page()&amp#27;[0m
  &amp#27;[32mAnd &amp#27;[0m&amp#27;[32mUser enters the valid python code from sheet &amp#27;[0m&amp#27;[32m&amp#27;[1m"Data"&amp#27;[0m&amp#27;[32m and rownumber &amp#27;[0m&amp#27;[32m&amp#27;[1m4&amp#27;[0m&amp#27;[32m in to the try editor&amp#27;[0m &amp#27;[90m# stepdefinitions_DS.DS_Array_Steps.user_enters_the_valid_python_code_from_sheet_and_rownumber_in_to_the_try_editor(java.lang.String,java.lang.Integer)&amp#27;[0m
The output is: ('Sum of the array is ', 34)
  &amp#27;[32mAnd &amp#27;[0m&amp#27;[32mUser should get the correct output&amp#27;[0m                                                       &amp#27;[90m# stepdefinitions_DS.DS_Array_Steps.user_should_get_the_correct_output()&amp#27;[0m
]]></system-out>
  </testcase>
  <testcase name="runScenario[&quot;The user test the Practice sections of the Array page&quot;, &quot;Verifying the Array functionalities in the DS Algo app&quot;](5)" classname="test_Runner.TestRunner" time="9.201">
    <system-out><![CDATA[
@Array @all @Array_05 @all
Scenario Outline: The user test the Practice sections of the Array page                        &amp#27;[90m# src/test/resources/DS_Feature/Array.feature:64&amp#27;[0m
  &amp#27;[32mGiven &amp#27;[0m&amp#27;[32mUser is on the DS Algo portal and click on the get started button&amp#27;[0m                      &amp#27;[90m# stepdefinitions_DS.DS_Array_Steps.user_is_on_the_ds_algo_portal_and_click_on_the_get_started_button()&amp#27;[0m
  &amp#27;[32mThen &amp#27;[0m&amp#27;[32mUser clicks on the sign in link&amp#27;[0m                                                         &amp#27;[90m# stepdefinitions_DS.DS_Array_Steps.user_clicks_on_the_sign_in_link()&amp#27;[0m
  &amp#27;[32mWhen &amp#27;[0m&amp#27;[32mUser is on the login page, user enters the valid email id and password&amp#27;[0m                  &amp#27;[90m# stepdefinitions_DS.DS_Array_Steps.user_is_on_the_login_page_user_enters_the_valid_email_id_and_password()&amp#27;[0m
  &amp#27;[32mThen &amp#27;[0m&amp#27;[32mIn the home page user clicks the get started button of Array&amp#27;[0m                            &amp#27;[90m# stepdefinitions_DS.DS_Array_Steps.in_the_home_page_user_clicks_the_get_started_button_of_array()&amp#27;[0m
  &amp#27;[32mWhen &amp#27;[0m&amp#27;[32mUser clicks on the Arrays in Python link&amp#27;[0m                                                &amp#27;[90m# stepdefinitions_DS.DS_Array_Steps.user_clicks_on_the_arrays_in_python_link()&amp#27;[0m
  &amp#27;[32mThen &amp#27;[0m&amp#27;[32mUser click on the Practice question link&amp#27;[0m                                                &amp#27;[90m# stepdefinitions_DS.DS_Array_Steps.user_click_on_the_practice_question_link()&amp#27;[0m
  &amp#27;[32mAnd &amp#27;[0m&amp#27;[32mUser selects the search the array practice question&amp#27;[0m                                      &amp#27;[90m# stepdefinitions_DS.DS_Array_Steps.user_selects_the_search_the_array_practice_question()&amp#27;[0m
  &amp#27;[32mAnd &amp#27;[0m&amp#27;[32mUser enters the valid python code from sheet &amp#27;[0m&amp#27;[32m&amp#27;[1m"Data"&amp#27;[0m&amp#27;[32m and rownumber &amp#27;[0m&amp#27;[32m&amp#27;[1m5&amp#27;[0m&amp#27;[32m in to the try editor&amp#27;[0m &amp#27;[90m# stepdefinitions_DS.DS_Array_Steps.user_enters_the_valid_python_code_from_sheet_and_rownumber_in_to_the_try_editor(java.lang.String,java.lang.Integer)&amp#27;[0m
The output is: 
  &amp#27;[32mAnd &amp#27;[0m&amp#27;[32mUser should get the correct output&amp#27;[0m                                                       &amp#27;[90m# stepdefinitions_DS.DS_Array_Steps.user_should_get_the_correct_output()&amp#27;[0m
]]></system-out>
  </testcase>
  <testcase name="runScenario[&quot;The user test the Practice sections of the Array page&quot;, &quot;Verifying the Array functionalities in the DS Algo app&quot;](6)" classname="test_Runner.TestRunner" time="8.538">
    <system-out><![CDATA[
@Array @all @Array_06 @all
Scenario Outline: The user test the Practice sections of the Array page                        &amp#27;[90m# src/test/resources/DS_Feature/Array.feature:76&amp#27;[0m
  &amp#27;[32mGiven &amp#27;[0m&amp#27;[32mUser is on the DS Algo portal and click on the get started button&amp#27;[0m                      &amp#27;[90m# stepdefinitions_DS.DS_Array_Steps.user_is_on_the_ds_algo_portal_and_click_on_the_get_started_button()&amp#27;[0m
  &amp#27;[32mThen &amp#27;[0m&amp#27;[32mUser clicks on the sign in link&amp#27;[0m                                                         &amp#27;[90m# stepdefinitions_DS.DS_Array_Steps.user_clicks_on_the_sign_in_link()&amp#27;[0m
  &amp#27;[32mWhen &amp#27;[0m&amp#27;[32mUser is on the login page, user enters the valid email id and password&amp#27;[0m                  &amp#27;[90m# stepdefinitions_DS.DS_Array_Steps.user_is_on_the_login_page_user_enters_the_valid_email_id_and_password()&amp#27;[0m
  &amp#27;[32mThen &amp#27;[0m&amp#27;[32mIn the home page user clicks the get started button of Array&amp#27;[0m                            &amp#27;[90m# stepdefinitions_DS.DS_Array_Steps.in_the_home_page_user_clicks_the_get_started_button_of_array()&amp#27;[0m
  &amp#27;[32mWhen &amp#27;[0m&amp#27;[32mUser clicks on the Arrays in Python link&amp#27;[0m                                                &amp#27;[90m# stepdefinitions_DS.DS_Array_Steps.user_clicks_on_the_arrays_in_python_link()&amp#27;[0m
  &amp#27;[32mThen &amp#27;[0m&amp#27;[32mUser click on the Practice question link&amp#27;[0m                                                &amp#27;[90m# stepdefinitions_DS.DS_Array_Steps.user_click_on_the_practice_question_link()&amp#27;[0m
  &amp#27;[32mAnd &amp#27;[0m&amp#27;[32mUser selects the Max consecutive ones practice question&amp#27;[0m                                  &amp#27;[90m# stepdefinitions_DS.DS_Array_Steps.user_selects_the_max_consecutive_ones_practice_question()&amp#27;[0m
  &amp#27;[32mAnd &amp#27;[0m&amp#27;[32mUser enters the valid python code from sheet &amp#27;[0m&amp#27;[32m&amp#27;[1m"Data"&amp#27;[0m&amp#27;[32m and rownumber &amp#27;[0m&amp#27;[32m&amp#27;[1m5&amp#27;[0m&amp#27;[32m in to the try editor&amp#27;[0m &amp#27;[90m# stepdefinitions_DS.DS_Array_Steps.user_enters_the_valid_python_code_from_sheet_and_rownumber_in_to_the_try_editor(java.lang.String,java.lang.Integer)&amp#27;[0m
The output is: 
  &amp#27;[32mAnd &amp#27;[0m&amp#27;[32mUser should get the correct output&amp#27;[0m                                                       &amp#27;[90m# stepdefinitions_DS.DS_Array_Steps.user_should_get_the_correct_output()&amp#27;[0m
]]></system-out>
  </testcase>
  <testcase name="runScenario[&quot;The user test the Practice sections of the Array page&quot;, &quot;Verifying the Array functionalities in the DS Algo app&quot;](7)" classname="test_Runner.TestRunner" time="8.586">
    <system-out><![CDATA[
@Array @all @Array_07 @all
Scenario Outline: The user test the Practice sections of the Array page                        &amp#27;[90m# src/test/resources/DS_Feature/Array.feature:88&amp#27;[0m
  &amp#27;[32mGiven &amp#27;[0m&amp#27;[32mUser is on the DS Algo portal and click on the get started button&amp#27;[0m                      &amp#27;[90m# stepdefinitions_DS.DS_Array_Steps.user_is_on_the_ds_algo_portal_and_click_on_the_get_started_button()&amp#27;[0m
  &amp#27;[32mThen &amp#27;[0m&amp#27;[32mUser clicks on the sign in link&amp#27;[0m                                                         &amp#27;[90m# stepdefinitions_DS.DS_Array_Steps.user_clicks_on_the_sign_in_link()&amp#27;[0m
  &amp#27;[32mWhen &amp#27;[0m&amp#27;[32mUser is on the login page, user enters the valid email id and password&amp#27;[0m                  &amp#27;[90m# stepdefinitions_DS.DS_Array_Steps.user_is_on_the_login_page_user_enters_the_valid_email_id_and_password()&amp#27;[0m
  &amp#27;[32mThen &amp#27;[0m&amp#27;[32mIn the home page user clicks the get started button of Array&amp#27;[0m                            &amp#27;[90m# stepdefinitions_DS.DS_Array_Steps.in_the_home_page_user_clicks_the_get_started_button_of_array()&amp#27;[0m
  &amp#27;[32mWhen &amp#27;[0m&amp#27;[32mUser clicks on the Arrays in Python link&amp#27;[0m                                                &amp#27;[90m# stepdefinitions_DS.DS_Array_Steps.user_clicks_on_the_arrays_in_python_link()&amp#27;[0m
  &amp#27;[32mThen &amp#27;[0m&amp#27;[32mUser click on the Practice question link&amp#27;[0m                                                &amp#27;[90m# stepdefinitions_DS.DS_Array_Steps.user_click_on_the_practice_question_link()&amp#27;[0m
  &amp#27;[32mAnd &amp#27;[0m&amp#27;[32mUser selects the Find number with Even number of digits practice question&amp#27;[0m                &amp#27;[90m# stepdefinitions_DS.DS_Array_Steps.user_selects_the_find_number_with_even_number_of_digits_practice_question()&amp#27;[0m
  &amp#27;[32mAnd &amp#27;[0m&amp#27;[32mUser enters the valid python code from sheet &amp#27;[0m&amp#27;[32m&amp#27;[1m"Data"&amp#27;[0m&amp#27;[32m and rownumber &amp#27;[0m&amp#27;[32m&amp#27;[1m5&amp#27;[0m&amp#27;[32m in to the try editor&amp#27;[0m &amp#27;[90m# stepdefinitions_DS.DS_Array_Steps.user_enters_the_valid_python_code_from_sheet_and_rownumber_in_to_the_try_editor(java.lang.String,java.lang.Integer)&amp#27;[0m
The output is: 
  &amp#27;[32mAnd &amp#27;[0m&amp#27;[32mUser should get the correct output&amp#27;[0m                                                       &amp#27;[90m# stepdefinitions_DS.DS_Array_Steps.user_should_get_the_correct_output()&amp#27;[0m
]]></system-out>
  </testcase>
  <testcase name="runScenario[&quot;The user test the Practice sections of the Array page&quot;, &quot;Verifying the Array functionalities in the DS Algo app&quot;](8)" classname="test_Runner.TestRunner" time="8.994">
    <system-out><![CDATA[
@Array @all @Array_08 @all
Scenario Outline: The user test the Practice sections of the Array page                        &amp#27;[90m# src/test/resources/DS_Feature/Array.feature:100&amp#27;[0m
  &amp#27;[32mGiven &amp#27;[0m&amp#27;[32mUser is on the DS Algo portal and click on the get started button&amp#27;[0m                      &amp#27;[90m# stepdefinitions_DS.DS_Array_Steps.user_is_on_the_ds_algo_portal_and_click_on_the_get_started_button()&amp#27;[0m
  &amp#27;[32mThen &amp#27;[0m&amp#27;[32mUser clicks on the sign in link&amp#27;[0m                                                         &amp#27;[90m# stepdefinitions_DS.DS_Array_Steps.user_clicks_on_the_sign_in_link()&amp#27;[0m
  &amp#27;[32mWhen &amp#27;[0m&amp#27;[32mUser is on the login page, user enters the valid email id and password&amp#27;[0m                  &amp#27;[90m# stepdefinitions_DS.DS_Array_Steps.user_is_on_the_login_page_user_enters_the_valid_email_id_and_password()&amp#27;[0m
  &amp#27;[32mThen &amp#27;[0m&amp#27;[32mIn the home page user clicks the get started button of Array&amp#27;[0m                            &amp#27;[90m# stepdefinitions_DS.DS_Array_Steps.in_the_home_page_user_clicks_the_get_started_button_of_array()&amp#27;[0m
  &amp#27;[32mWhen &amp#27;[0m&amp#27;[32mUser clicks on the Arrays in Python link&amp#27;[0m                                                &amp#27;[90m# stepdefinitions_DS.DS_Array_Steps.user_clicks_on_the_arrays_in_python_link()&amp#27;[0m
  &amp#27;[32mThen &amp#27;[0m&amp#27;[32mUser click on the Practice question link&amp#27;[0m                                                &amp#27;[90m# stepdefinitions_DS.DS_Array_Steps.user_click_on_the_practice_question_link()&amp#27;[0m
  &amp#27;[32mAnd &amp#27;[0m&amp#27;[32mUser selects the squares of the sorted array practice question&amp#27;[0m                           &amp#27;[90m# stepdefinitions_DS.DS_Array_Steps.user_selects_the_squares_of_the_sorted_array_practice_question()&amp#27;[0m
  &amp#27;[32mAnd &amp#27;[0m&amp#27;[32mUser enters the valid python code from sheet &amp#27;[0m&amp#27;[32m&amp#27;[1m"Data"&amp#27;[0m&amp#27;[32m and rownumber &amp#27;[0m&amp#27;[32m&amp#27;[1m5&amp#27;[0m&amp#27;[32m in to the try editor&amp#27;[0m &amp#27;[90m# stepdefinitions_DS.DS_Array_Steps.user_enters_the_valid_python_code_from_sheet_and_rownumber_in_to_the_try_editor(java.lang.String,java.lang.Integer)&amp#27;[0m
The output is: 
  &amp#27;[32mAnd &amp#27;[0m&amp#27;[32mUser should get the correct output&amp#27;[0m                                                       &amp#27;[90m# stepdefinitions_DS.DS_Array_Steps.user_should_get_the_correct_output()&amp#27;[0m
]]></system-out>
  </testcase>
  <testcase name="runScenario[&quot;User navigates to the Data Introduction page&quot;, &quot;The iser in navigating to the Data Introduction page&quot;](9)" classname="test_Runner.TestRunner" time="5.865">
    <system-out><![CDATA[
@DataIntro
Scenario: User navigates to the Data Introduction page                  &amp#27;[90m# src/test/resources/DS_Feature/DataIntro.feature:5&amp#27;[0m
  &amp#27;[32mGiven &amp#27;[0m&amp#27;[32mThe user is already logged in and is on the homepage&amp#27;[0m            &amp#27;[90m# stepdefinitions_DS.DS_DataIntro_Steps.the_user_is_already_logged_in_and_is_on_the_homepage()&amp#27;[0m
  &amp#27;[32mWhen &amp#27;[0m&amp#27;[32mUser clicks the get started button&amp#27;[0m                               &amp#27;[90m# stepdefinitions_DS.DS_DataIntro_Steps.user_clicks_the_get_started_button()&amp#27;[0m
  &amp#27;[32mAnd &amp#27;[0m&amp#27;[32mClicks on the times complexity button&amp#27;[0m                             &amp#27;[90m# stepdefinitions_DS.DS_DataIntro_Steps.clicks_on_the_times_complexity_button()&amp#27;[0m
  &amp#27;[32mThen &amp#27;[0m&amp#27;[32mUser click the Try here button, user is taken to the coding page&amp#27;[0m &amp#27;[90m# stepdefinitions_DS.DS_DataIntro_Steps.user_click_the_try_here_button_user_is_taken_to_the_coding_page()&amp#27;[0m
*********Getting data**********
  &amp#27;[32mWhen &amp#27;[0m&amp#27;[32mUser enters the Python code from xlsheet&amp#27;[0m                         &amp#27;[90m# stepdefinitions_DS.DS_DataIntro_Steps.user_enters_the_python_code_from_xlsheet()&amp#27;[0m
  &amp#27;[32mAnd &amp#27;[0m&amp#27;[32mUser clicks on the run button&amp#27;[0m                                     &amp#27;[90m# stepdefinitions_DS.DS_DataIntro_Steps.user_clicks_on_the_run_button()&amp#27;[0m
The output of the python code isHello World
  &amp#27;[32mThen &amp#27;[0m&amp#27;[32mUser can see the the output printed&amp#27;[0m                              &amp#27;[90m# stepdefinitions_DS.DS_DataIntro_Steps.user_can_see_the_the_output_printed()&amp#27;[0m
]]></system-out>
  </testcase>
  <testcase name="runScenario[&quot;Verifying data structure text box editor with invalid python code&quot;, &quot;The iser in navigating to the Data Introduction page&quot;](10)" classname="test_Runner.TestRunner" time="5.627">
    <system-out><![CDATA[
@DataIntro
Scenario Outline: Verifying data structure text box editor with invalid python code &amp#27;[90m# src/test/resources/DS_Feature/DataIntro.feature:25&amp#27;[0m
  &amp#27;[32mGiven &amp#27;[0m&amp#27;[32mThe user is already logged in and is on the homepage&amp#27;[0m                        &amp#27;[90m# stepdefinitions_DS.DS_DataIntro_Steps.the_user_is_already_logged_in_and_is_on_the_homepage()&amp#27;[0m
  &amp#27;[32mWhen &amp#27;[0m&amp#27;[32mUser clicks the get started button&amp#27;[0m                                           &amp#27;[90m# stepdefinitions_DS.DS_DataIntro_Steps.user_clicks_the_get_started_button()&amp#27;[0m
  &amp#27;[32mAnd &amp#27;[0m&amp#27;[32mClicks on the times complexity button&amp#27;[0m                                         &amp#27;[90m# stepdefinitions_DS.DS_DataIntro_Steps.clicks_on_the_times_complexity_button()&amp#27;[0m
  &amp#27;[32mThen &amp#27;[0m&amp#27;[32mUser click the Try here button, user is taken to the coding page&amp#27;[0m             &amp#27;[90m# stepdefinitions_DS.DS_DataIntro_Steps.user_click_the_try_here_button_user_is_taken_to_the_coding_page()&amp#27;[0m
  &amp#27;[32mWhen &amp#27;[0m&amp#27;[32mUser enters the invalid Python code from xlsheet &amp#27;[0m&amp#27;[32m&amp#27;[1m"Data"&amp#27;[0m&amp#27;[32m and rownum &amp#27;[0m&amp#27;[32m&amp#27;[1m1&amp#27;[0m         &amp#27;[90m# stepdefinitions_DS.DS_DataIntro_Steps.user_enters_the_invalid_python_code_from_xlsheet_and_rownum(java.lang.String,java.lang.Integer)&amp#27;[0m
  &amp#27;[32mAnd &amp#27;[0m&amp#27;[32mUser clicks on the run button&amp#27;[0m                                                 &amp#27;[90m# stepdefinitions_DS.DS_DataIntro_Steps.user_clicks_on_the_run_button()&amp#27;[0m
  &amp#27;[32mThen &amp#27;[0m&amp#27;[32mOutput should be blank&amp#27;[0m                                                       &amp#27;[90m# stepdefinitions_DS.DS_DataIntro_Steps.output_should_be_blank()&amp#27;[0m
]]></system-out>
  </testcase>
  <testcase name="runScenario[&quot;The user is able to navigate to the home page&quot;, &quot;Checking the getstarted button for all the modules&quot;](11)" classname="test_Runner.TestRunner" time="5.013">
    <system-out><![CDATA[
Scenario: The user is able to navigate to the home page                                                                    &amp#27;[90m# src/test/resources/DS_Feature/GetStartedPage.feature:3&amp#27;[0m
DS-Algo app opened
  &amp#27;[32mGiven &amp#27;[0m&amp#27;[32mUser is opens the DS-Algo app&amp#27;[0m                                                                                      &amp#27;[90m# stepdefinitions_DS.DS_GetSarted_Steps.user_is_opens_the_ds_algo_app()&amp#27;[0m
  &amp#27;[32mWhen &amp#27;[0m&amp#27;[32mUser clicks on the Get Started button&amp#27;[0m                                                                               &amp#27;[90m# stepdefinitions_DS.DS_GetSarted_Steps.user_clicks_on_the_get_started_button()&amp#27;[0m
  &amp#27;[32mThen &amp#27;[0m&amp#27;[32mUser is able to view the home page&amp#27;[0m                                                                                  &amp#27;[90m# stepdefinitions_DS.DS_GetSarted_Steps.user_is_able_to_view_the_home_page()&amp#27;[0m
  &amp#27;[32mWhen &amp#27;[0m&amp#27;[32mUser clicks on the Data Intorduction get started button then the customer is able to see the Data Introduction pgae&amp#27;[0m &amp#27;[90m# stepdefinitions_DS.DS_GetSarted_Steps.user_clicks_on_the_data_intorduction_get_started_button_then_the_customer_is_able_to_see_the_data_introduction_pgae()&amp#27;[0m
  &amp#27;[32mThen &amp#27;[0m&amp#27;[32mUser click the Array get started button use can see the Array page&amp#27;[0m                                                  &amp#27;[90m# stepdefinitions_DS.DS_GetSarted_Steps.user_click_the_array_get_started_button_use_can_see_the_array_page()&amp#27;[0m
  &amp#27;[32mThen &amp#27;[0m&amp#27;[32mUser clicks on the Linked list get started buttom and user can see the Linked list page&amp#27;[0m                             &amp#27;[90m# stepdefinitions_DS.DS_GetSarted_Steps.user_clicks_on_the_linked_list_get_started_buttom_and_user_can_see_the_linked_list_page()&amp#27;[0m
  &amp#27;[32mAnd &amp#27;[0m&amp#27;[32mUser Clicks on the Queue get started button and user can view the Queue page&amp#27;[0m                                         &amp#27;[90m# stepdefinitions_DS.DS_GetSarted_Steps.user_clicks_on_the_queue_get_started_button_and_user_can_view_the_queue_page()&amp#27;[0m
  &amp#27;[32mAnd &amp#27;[0m&amp#27;[32mUser Clicks on the Trees get started button and user can view the Trees page&amp#27;[0m                                         &amp#27;[90m# stepdefinitions_DS.DS_GetSarted_Steps.user_clicks_on_the_Trees_get_started_button_and_user_can_view_the_queue_page()&amp#27;[0m
  &amp#27;[32mAnd &amp#27;[0m&amp#27;[32mUser clicks on the Graph link get started button and user can view the graph page&amp#27;[0m                                    &amp#27;[90m# stepdefinitions_DS.DS_GetSarted_Steps.user_clicks_on_the_graph_link_get_started_button_and_user_can_view_the_graph_page()&amp#27;[0m
]]></system-out>
  </testcase>
  <testcase name="runScenario[&quot;User checks the functionality of the Graph&quot;, &quot;The user test the functionalities of the Graph page in the DS Algo application&quot;](12)" classname="test_Runner.TestRunner" time="5.957">
    <system-out><![CDATA[
Scenario Outline: User checks the functionality of the Graph                                                      &amp#27;[90m# src/test/resources/DS_Feature/Graph.feature:17&amp#27;[0m
  &amp#27;[32mGiven &amp#27;[0m&amp#27;[32mUser is on the DS Algo portal and click on the get started button&amp#27;[0m                                         &amp#27;[90m# stepdefinitions_DS.DS_Array_Steps.user_is_on_the_ds_algo_portal_and_click_on_the_get_started_button()&amp#27;[0m
  &amp#27;[32mThen &amp#27;[0m&amp#27;[32mUser clicks on the sign in link&amp#27;[0m                                                                            &amp#27;[90m# stepdefinitions_DS.DS_Array_Steps.user_clicks_on_the_sign_in_link()&amp#27;[0m
  &amp#27;[32mWhen &amp#27;[0m&amp#27;[32mUser is on the login page, user enters the valid email id and password&amp#27;[0m                                     &amp#27;[90m# stepdefinitions_DS.DS_Array_Steps.user_is_on_the_login_page_user_enters_the_valid_email_id_and_password()&amp#27;[0m
  &amp#27;[32mAnd &amp#27;[0m&amp#27;[32mUser clicks on the Graph Get started button and user is on the Graph page&amp#27;[0m                                   &amp#27;[90m# stepdefinitions_DS.DS_Graph_Steps.user_clicks_on_the_graph_get_started_button_and_user_can_view_the_graph_page()&amp#27;[0m
  &amp#27;[32mWhen &amp#27;[0m&amp#27;[32mUser clicks on the Graph and user is in that page&amp#27;[0m                                                          &amp#27;[90m# stepdefinitions_DS.DS_Graph_Steps.user_clicks_on_the_graph_and_user_is_in_that_page()&amp#27;[0m
  &amp#27;[32mAnd &amp#27;[0m&amp#27;[32mUser click on the try here button to go to try&amp#27;[0m                                                              &amp#27;[90m# stepdefinitions_DS.DS_Graph_Steps.user_click_on_the_try_here_button_to_go_to_try()&amp#27;[0m
  &amp#27;[32mThen &amp#27;[0m&amp#27;[32mUser inputs the valid python code in the text editor box from the Excel sheet sheet &amp#27;[0m&amp#27;[32m&amp#27;[1m"Data"&amp#27;[0m&amp#27;[32m and rownumber &amp#27;[0m&amp#27;[32m&amp#27;[1m3&amp#27;[0m &amp#27;[90m# stepdefinitions_DS.DS_Graph_Steps.user_inputs_the_valid_python_code_in_the_text_editor_box_from_the_excel_sheet_sheet_and_rownumber(java.lang.String,java.lang.Integer)&amp#27;[0m
The output is: The sum of 1.5 and 6.3 is 7.8
  &amp#27;[32mThen &amp#27;[0m&amp#27;[32mUser should get the correct output&amp#27;[0m                                                                         &amp#27;[90m# stepdefinitions_DS.DS_Array_Steps.user_should_get_the_correct_output()&amp#27;[0m
]]></system-out>
  </testcase>
  <testcase name="runScenario[&quot;User checks the functionality of the GraphRepresentations&quot;, &quot;The user test the functionalities of the Graph page in the DS Algo application&quot;](13)" classname="test_Runner.TestRunner" time="6.827">
    <system-out><![CDATA[
Scenario Outline: User checks the functionality of the GraphRepresentations                                       &amp#27;[90m# src/test/resources/DS_Feature/Graph.feature:27&amp#27;[0m
  &amp#27;[32mGiven &amp#27;[0m&amp#27;[32mUser is on the DS Algo portal and click on the get started button&amp#27;[0m                                         &amp#27;[90m# stepdefinitions_DS.DS_Array_Steps.user_is_on_the_ds_algo_portal_and_click_on_the_get_started_button()&amp#27;[0m
  &amp#27;[32mThen &amp#27;[0m&amp#27;[32mUser clicks on the sign in link&amp#27;[0m                                                                            &amp#27;[90m# stepdefinitions_DS.DS_Array_Steps.user_clicks_on_the_sign_in_link()&amp#27;[0m
  &amp#27;[32mWhen &amp#27;[0m&amp#27;[32mUser is on the login page, user enters the valid email id and password&amp#27;[0m                                     &amp#27;[90m# stepdefinitions_DS.DS_Array_Steps.user_is_on_the_login_page_user_enters_the_valid_email_id_and_password()&amp#27;[0m
  &amp#27;[32mAnd &amp#27;[0m&amp#27;[32mUser clicks on the Graph Get started button and user is on the Graph page&amp#27;[0m                                   &amp#27;[90m# stepdefinitions_DS.DS_Graph_Steps.user_clicks_on_the_graph_get_started_button_and_user_can_view_the_graph_page()&amp#27;[0m
  &amp#27;[32mWhen &amp#27;[0m&amp#27;[32mUser clicks on the GraphRepresentations and user is in that page&amp#27;[0m                                           &amp#27;[90m# stepdefinitions_DS.DS_Graph_Steps.user_clicks_on_the_graph_representations_and_user_is_in_that_page()&amp#27;[0m
  &amp#27;[32mAnd &amp#27;[0m&amp#27;[32mUser click on the try here button to go to try&amp#27;[0m                                                              &amp#27;[90m# stepdefinitions_DS.DS_Graph_Steps.user_click_on_the_try_here_button_to_go_to_try()&amp#27;[0m
  &amp#27;[32mThen &amp#27;[0m&amp#27;[32mUser inputs the valid python code in the text editor box from the Excel sheet sheet &amp#27;[0m&amp#27;[32m&amp#27;[1m"Data"&amp#27;[0m&amp#27;[32m and rownumber &amp#27;[0m&amp#27;[32m&amp#27;[1m3&amp#27;[0m &amp#27;[90m# stepdefinitions_DS.DS_Graph_Steps.user_inputs_the_valid_python_code_in_the_text_editor_box_from_the_excel_sheet_sheet_and_rownumber(java.lang.String,java.lang.Integer)&amp#27;[0m
The output is: The sum of 1.5 and 6.3 is 7.8
  &amp#27;[32mThen &amp#27;[0m&amp#27;[32mUser should get the correct output&amp#27;[0m                                                                         &amp#27;[90m# stepdefinitions_DS.DS_Array_Steps.user_should_get_the_correct_output()&amp#27;[0m
]]></system-out>
  </testcase>
  <testcase name="runScenario[&quot;User checks the Introduction functionality of the Linked list Intro page&quot;, &quot;The user test the functionalities of the Linked List page in the DS Algo application&quot;](14)" classname="test_Runner.TestRunner" time="7.206">
    <system-out><![CDATA[
Scenario Outline: User checks the Introduction functionality of the Linked list Intro page                  &amp#27;[90m# src/test/resources/DS_Feature/LinkedList.feature:17&amp#27;[0m
  &amp#27;[32mGiven &amp#27;[0m&amp#27;[32mUser is on the DS Algo portal and click on the get started button&amp#27;[0m                                   &amp#27;[90m# stepdefinitions_DS.DS_Array_Steps.user_is_on_the_ds_algo_portal_and_click_on_the_get_started_button()&amp#27;[0m
  &amp#27;[32mThen &amp#27;[0m&amp#27;[32mUser clicks on the sign in link&amp#27;[0m                                                                      &amp#27;[90m# stepdefinitions_DS.DS_Array_Steps.user_clicks_on_the_sign_in_link()&amp#27;[0m
  &amp#27;[32mWhen &amp#27;[0m&amp#27;[32mUser is on the login page, user enters the valid email id and password&amp#27;[0m                               &amp#27;[90m# stepdefinitions_DS.DS_Array_Steps.user_is_on_the_login_page_user_enters_the_valid_email_id_and_password()&amp#27;[0m
  &amp#27;[32mAnd &amp#27;[0m&amp#27;[32mUser clicks on the Linked List Get started page to open the linked list page&amp#27;[0m                          &amp#27;[90m# stepdefinitions_DS.DS_LinkedList_Steps.user_clicks_on_the_linked_list_Get_started_page_to_open_the_linked_list_page()&amp#27;[0m
  &amp#27;[32mWhen &amp#27;[0m&amp#27;[32mUser clicks on the Introductions link and clicks on the try here button&amp#27;[0m                              &amp#27;[90m# stepdefinitions_DS.DS_LinkedList_Steps.user_clicks_on_the_introductions_link_and_clicks_on_the_try_here_button()&amp#27;[0m
  &amp#27;[32mThen &amp#27;[0m&amp#27;[32mUser inputs the valid python code in the text editor box from the excel sheet &amp#27;[0m&amp#27;[32m&amp#27;[1m"Data"&amp#27;[0m&amp#27;[32m and rownumber &amp#27;[0m&amp#27;[32m&amp#27;[1m3&amp#27;[0m &amp#27;[90m# stepdefinitions_DS.DS_LinkedList_Steps.user_inputs_the_valid_python_code_in_the_text_editor_box_from_the_excel_sheet_and_rownumber(java.lang.String,java.lang.Integer)&amp#27;[0m
The output is: The sum of 1.5 and 6.3 is 7.8
  &amp#27;[32mThen &amp#27;[0m&amp#27;[32mUser should get the correct output&amp#27;[0m                                                                   &amp#27;[90m# stepdefinitions_DS.DS_Array_Steps.user_should_get_the_correct_output()&amp#27;[0m
]]></system-out>
  </testcase>
  <testcase name="runScenario[&quot;User checks the functionality of the creating linked list page&quot;, &quot;The user test the functionalities of the Linked List page in the DS Algo application&quot;](15)" classname="test_Runner.TestRunner" time="6.69">
    <system-out><![CDATA[
Scenario Outline: User checks the functionality of the creating linked list page                            &amp#27;[90m# src/test/resources/DS_Feature/LinkedList.feature:26&amp#27;[0m
  &amp#27;[32mGiven &amp#27;[0m&amp#27;[32mUser is on the DS Algo portal and click on the get started button&amp#27;[0m                                   &amp#27;[90m# stepdefinitions_DS.DS_Array_Steps.user_is_on_the_ds_algo_portal_and_click_on_the_get_started_button()&amp#27;[0m
  &amp#27;[32mThen &amp#27;[0m&amp#27;[32mUser clicks on the sign in link&amp#27;[0m                                                                      &amp#27;[90m# stepdefinitions_DS.DS_Array_Steps.user_clicks_on_the_sign_in_link()&amp#27;[0m
  &amp#27;[32mWhen &amp#27;[0m&amp#27;[32mUser is on the login page, user enters the valid email id and password&amp#27;[0m                               &amp#27;[90m# stepdefinitions_DS.DS_Array_Steps.user_is_on_the_login_page_user_enters_the_valid_email_id_and_password()&amp#27;[0m
  &amp#27;[32mAnd &amp#27;[0m&amp#27;[32mUser clicks on the Linked List Get started page to open the linked list page&amp#27;[0m                          &amp#27;[90m# stepdefinitions_DS.DS_LinkedList_Steps.user_clicks_on_the_linked_list_Get_started_page_to_open_the_linked_list_page()&amp#27;[0m
  &amp#27;[32mWhen &amp#27;[0m&amp#27;[32mUser clicks on the Creating linked list link and clicks on the try here button&amp#27;[0m                       &amp#27;[90m# stepdefinitions_DS.DS_LinkedList_Steps.user_clicks_on_the_creating_linked_list_link_and_clicks_on_the_try_here_button()&amp#27;[0m
  &amp#27;[32mThen &amp#27;[0m&amp#27;[32mUser inputs the valid python code in the text editor box from the excel sheet &amp#27;[0m&amp#27;[32m&amp#27;[1m"Data"&amp#27;[0m&amp#27;[32m and rownumber &amp#27;[0m&amp#27;[32m&amp#27;[1m3&amp#27;[0m &amp#27;[90m# stepdefinitions_DS.DS_LinkedList_Steps.user_inputs_the_valid_python_code_in_the_text_editor_box_from_the_excel_sheet_and_rownumber(java.lang.String,java.lang.Integer)&amp#27;[0m
The output is: The sum of 1.5 and 6.3 is 7.8
  &amp#27;[32mThen &amp#27;[0m&amp#27;[32mUser should get the correct output&amp#27;[0m                                                                   &amp#27;[90m# stepdefinitions_DS.DS_Array_Steps.user_should_get_the_correct_output()&amp#27;[0m
]]></system-out>
  </testcase>
  <testcase name="runScenario[&quot;User checks the functionality of the Types of Linked list page&quot;, &quot;The user test the functionalities of the Linked List page in the DS Algo application&quot;](16)" classname="test_Runner.TestRunner" time="6.777">
    <system-out><![CDATA[
Scenario Outline: User checks the functionality of the Types of Linked list page                            &amp#27;[90m# src/test/resources/DS_Feature/LinkedList.feature:35&amp#27;[0m
  &amp#27;[32mGiven &amp#27;[0m&amp#27;[32mUser is on the DS Algo portal and click on the get started button&amp#27;[0m                                   &amp#27;[90m# stepdefinitions_DS.DS_Array_Steps.user_is_on_the_ds_algo_portal_and_click_on_the_get_started_button()&amp#27;[0m
  &amp#27;[32mThen &amp#27;[0m&amp#27;[32mUser clicks on the sign in link&amp#27;[0m                                                                      &amp#27;[90m# stepdefinitions_DS.DS_Array_Steps.user_clicks_on_the_sign_in_link()&amp#27;[0m
  &amp#27;[32mWhen &amp#27;[0m&amp#27;[32mUser is on the login page, user enters the valid email id and password&amp#27;[0m                               &amp#27;[90m# stepdefinitions_DS.DS_Array_Steps.user_is_on_the_login_page_user_enters_the_valid_email_id_and_password()&amp#27;[0m
  &amp#27;[32mAnd &amp#27;[0m&amp#27;[32mUser clicks on the Linked List Get started page to open the linked list page&amp#27;[0m                          &amp#27;[90m# stepdefinitions_DS.DS_LinkedList_Steps.user_clicks_on_the_linked_list_Get_started_page_to_open_the_linked_list_page()&amp#27;[0m
  &amp#27;[32mWhen &amp#27;[0m&amp#27;[32mUser clicks on the Types of Linked list link and clicks on the try here button&amp#27;[0m                       &amp#27;[90m# stepdefinitions_DS.DS_LinkedList_Steps.user_clicks_on_the_types_of_linked_list_link_and_clicks_on_the_try_here_button()&amp#27;[0m
  &amp#27;[32mThen &amp#27;[0m&amp#27;[32mUser inputs the valid python code in the text editor box from the excel sheet &amp#27;[0m&amp#27;[32m&amp#27;[1m"Data"&amp#27;[0m&amp#27;[32m and rownumber &amp#27;[0m&amp#27;[32m&amp#27;[1m3&amp#27;[0m &amp#27;[90m# stepdefinitions_DS.DS_LinkedList_Steps.user_inputs_the_valid_python_code_in_the_text_editor_box_from_the_excel_sheet_and_rownumber(java.lang.String,java.lang.Integer)&amp#27;[0m
The output is: The sum of 1.5 and 6.3 is 7.8
  &amp#27;[32mThen &amp#27;[0m&amp#27;[32mUser should get the correct output&amp#27;[0m                                                                   &amp#27;[90m# stepdefinitions_DS.DS_Array_Steps.user_should_get_the_correct_output()&amp#27;[0m
]]></system-out>
  </testcase>
  <testcase name="runScenario[&quot;User checks the functionality of the Implemented Linked list in python page&quot;, &quot;The user test the functionalities of the Linked List page in the DS Algo application&quot;](17)" classname="test_Runner.TestRunner" time="6.668">
    <system-out><![CDATA[
Scenario Outline: User checks the functionality of the Implemented Linked list in python page               &amp#27;[90m# src/test/resources/DS_Feature/LinkedList.feature:44&amp#27;[0m
  &amp#27;[32mGiven &amp#27;[0m&amp#27;[32mUser is on the DS Algo portal and click on the get started button&amp#27;[0m                                   &amp#27;[90m# stepdefinitions_DS.DS_Array_Steps.user_is_on_the_ds_algo_portal_and_click_on_the_get_started_button()&amp#27;[0m
  &amp#27;[32mThen &amp#27;[0m&amp#27;[32mUser clicks on the sign in link&amp#27;[0m                                                                      &amp#27;[90m# stepdefinitions_DS.DS_Array_Steps.user_clicks_on_the_sign_in_link()&amp#27;[0m
  &amp#27;[32mWhen &amp#27;[0m&amp#27;[32mUser is on the login page, user enters the valid email id and password&amp#27;[0m                               &amp#27;[90m# stepdefinitions_DS.DS_Array_Steps.user_is_on_the_login_page_user_enters_the_valid_email_id_and_password()&amp#27;[0m
  &amp#27;[32mAnd &amp#27;[0m&amp#27;[32mUser clicks on the Linked List Get started page to open the linked list page&amp#27;[0m                          &amp#27;[90m# stepdefinitions_DS.DS_LinkedList_Steps.user_clicks_on_the_linked_list_Get_started_page_to_open_the_linked_list_page()&amp#27;[0m
  &amp#27;[32mWhen &amp#27;[0m&amp#27;[32mUser clicks on the Implemented Linked list in python  link and clicks on the try here button&amp#27;[0m         &amp#27;[90m# stepdefinitions_DS.DS_LinkedList_Steps.user_clicks_on_the_implemented_linked_list_in_python_link_and_clicks_on_the_try_here_button()&amp#27;[0m
  &amp#27;[32mThen &amp#27;[0m&amp#27;[32mUser inputs the valid python code in the text editor box from the excel sheet &amp#27;[0m&amp#27;[32m&amp#27;[1m"Data"&amp#27;[0m&amp#27;[32m and rownumber &amp#27;[0m&amp#27;[32m&amp#27;[1m3&amp#27;[0m &amp#27;[90m# stepdefinitions_DS.DS_LinkedList_Steps.user_inputs_the_valid_python_code_in_the_text_editor_box_from_the_excel_sheet_and_rownumber(java.lang.String,java.lang.Integer)&amp#27;[0m
The output is: The sum of 1.5 and 6.3 is 7.8
  &amp#27;[32mThen &amp#27;[0m&amp#27;[32mUser should get the correct output&amp#27;[0m                                                                   &amp#27;[90m# stepdefinitions_DS.DS_Array_Steps.user_should_get_the_correct_output()&amp#27;[0m
]]></system-out>
  </testcase>
  <testcase name="runScenario[&quot;User checks the functionality of the Traveral of Linked list page&quot;, &quot;The user test the functionalities of the Linked List page in the DS Algo application&quot;](18)" classname="test_Runner.TestRunner" time="7.427">
    <system-out><![CDATA[
Scenario Outline: User checks the functionality of the Traveral of Linked list page                         &amp#27;[90m# src/test/resources/DS_Feature/LinkedList.feature:53&amp#27;[0m
  &amp#27;[32mGiven &amp#27;[0m&amp#27;[32mUser is on the DS Algo portal and click on the get started button&amp#27;[0m                                   &amp#27;[90m# stepdefinitions_DS.DS_Array_Steps.user_is_on_the_ds_algo_portal_and_click_on_the_get_started_button()&amp#27;[0m
  &amp#27;[32mThen &amp#27;[0m&amp#27;[32mUser clicks on the sign in link&amp#27;[0m                                                                      &amp#27;[90m# stepdefinitions_DS.DS_Array_Steps.user_clicks_on_the_sign_in_link()&amp#27;[0m
  &amp#27;[32mWhen &amp#27;[0m&amp#27;[32mUser is on the login page, user enters the valid email id and password&amp#27;[0m                               &amp#27;[90m# stepdefinitions_DS.DS_Array_Steps.user_is_on_the_login_page_user_enters_the_valid_email_id_and_password()&amp#27;[0m
  &amp#27;[32mAnd &amp#27;[0m&amp#27;[32mUser clicks on the Linked List Get started page to open the linked list page&amp#27;[0m                          &amp#27;[90m# stepdefinitions_DS.DS_LinkedList_Steps.user_clicks_on_the_linked_list_Get_started_page_to_open_the_linked_list_page()&amp#27;[0m
  &amp#27;[32mWhen &amp#27;[0m&amp#27;[32mUser clicks on the Traversal link and clicks on the try here button&amp#27;[0m                                  &amp#27;[90m# stepdefinitions_DS.DS_LinkedList_Steps.user_clicks_on_the_traversal_link_and_clicks_on_the_try_here_button()&amp#27;[0m
  &amp#27;[32mThen &amp#27;[0m&amp#27;[32mUser inputs the valid python code in the text editor box from the excel sheet &amp#27;[0m&amp#27;[32m&amp#27;[1m"Data"&amp#27;[0m&amp#27;[32m and rownumber &amp#27;[0m&amp#27;[32m&amp#27;[1m3&amp#27;[0m &amp#27;[90m# stepdefinitions_DS.DS_LinkedList_Steps.user_inputs_the_valid_python_code_in_the_text_editor_box_from_the_excel_sheet_and_rownumber(java.lang.String,java.lang.Integer)&amp#27;[0m
The output is: The sum of 1.5 and 6.3 is 7.8
  &amp#27;[32mThen &amp#27;[0m&amp#27;[32mUser should get the correct output&amp#27;[0m                                                                   &amp#27;[90m# stepdefinitions_DS.DS_Array_Steps.user_should_get_the_correct_output()&amp#27;[0m
]]></system-out>
  </testcase>
  <testcase name="runScenario[&quot;User checks the functionality of the Insertion of Linked list page&quot;, &quot;The user test the functionalities of the Linked List page in the DS Algo application&quot;](19)" classname="test_Runner.TestRunner" time="7.819">
    <system-out><![CDATA[
Scenario Outline: User checks the functionality of the Insertion of Linked list page                        &amp#27;[90m# src/test/resources/DS_Feature/LinkedList.feature:62&amp#27;[0m
  &amp#27;[32mGiven &amp#27;[0m&amp#27;[32mUser is on the DS Algo portal and click on the get started button&amp#27;[0m                                   &amp#27;[90m# stepdefinitions_DS.DS_Array_Steps.user_is_on_the_ds_algo_portal_and_click_on_the_get_started_button()&amp#27;[0m
  &amp#27;[32mThen &amp#27;[0m&amp#27;[32mUser clicks on the sign in link&amp#27;[0m                                                                      &amp#27;[90m# stepdefinitions_DS.DS_Array_Steps.user_clicks_on_the_sign_in_link()&amp#27;[0m
  &amp#27;[32mWhen &amp#27;[0m&amp#27;[32mUser is on the login page, user enters the valid email id and password&amp#27;[0m                               &amp#27;[90m# stepdefinitions_DS.DS_Array_Steps.user_is_on_the_login_page_user_enters_the_valid_email_id_and_password()&amp#27;[0m
  &amp#27;[32mAnd &amp#27;[0m&amp#27;[32mUser clicks on the Linked List Get started page to open the linked list page&amp#27;[0m                          &amp#27;[90m# stepdefinitions_DS.DS_LinkedList_Steps.user_clicks_on_the_linked_list_Get_started_page_to_open_the_linked_list_page()&amp#27;[0m
  &amp#27;[32mWhen &amp#27;[0m&amp#27;[32mUser clicks on the Insertion link and clicks on the try here button&amp#27;[0m                                  &amp#27;[90m# stepdefinitions_DS.DS_LinkedList_Steps.user_clicks_on_the_insertion_link_and_clicks_on_the_try_here_button()&amp#27;[0m
  &amp#27;[32mThen &amp#27;[0m&amp#27;[32mUser inputs the valid python code in the text editor box from the excel sheet &amp#27;[0m&amp#27;[32m&amp#27;[1m"Data"&amp#27;[0m&amp#27;[32m and rownumber &amp#27;[0m&amp#27;[32m&amp#27;[1m3&amp#27;[0m &amp#27;[90m# stepdefinitions_DS.DS_LinkedList_Steps.user_inputs_the_valid_python_code_in_the_text_editor_box_from_the_excel_sheet_and_rownumber(java.lang.String,java.lang.Integer)&amp#27;[0m
The output is: The sum of 1.5 and 6.3 is 7.8
  &amp#27;[32mThen &amp#27;[0m&amp#27;[32mUser should get the correct output&amp#27;[0m                                                                   &amp#27;[90m# stepdefinitions_DS.DS_Array_Steps.user_should_get_the_correct_output()&amp#27;[0m
]]></system-out>
  </testcase>
  <testcase name="runScenario[&quot;User checks the functionality of the Deletion of Linked list page&quot;, &quot;The user test the functionalities of the Linked List page in the DS Algo application&quot;](20)" classname="test_Runner.TestRunner" time="6.978">
    <system-out><![CDATA[
Scenario Outline: User checks the functionality of the Deletion of Linked list page                         &amp#27;[90m# src/test/resources/DS_Feature/LinkedList.feature:71&amp#27;[0m
  &amp#27;[32mGiven &amp#27;[0m&amp#27;[32mUser is on the DS Algo portal and click on the get started button&amp#27;[0m                                   &amp#27;[90m# stepdefinitions_DS.DS_Array_Steps.user_is_on_the_ds_algo_portal_and_click_on_the_get_started_button()&amp#27;[0m
  &amp#27;[32mThen &amp#27;[0m&amp#27;[32mUser clicks on the sign in link&amp#27;[0m                                                                      &amp#27;[90m# stepdefinitions_DS.DS_Array_Steps.user_clicks_on_the_sign_in_link()&amp#27;[0m
  &amp#27;[32mWhen &amp#27;[0m&amp#27;[32mUser is on the login page, user enters the valid email id and password&amp#27;[0m                               &amp#27;[90m# stepdefinitions_DS.DS_Array_Steps.user_is_on_the_login_page_user_enters_the_valid_email_id_and_password()&amp#27;[0m
  &amp#27;[32mAnd &amp#27;[0m&amp#27;[32mUser clicks on the Linked List Get started page to open the linked list page&amp#27;[0m                          &amp#27;[90m# stepdefinitions_DS.DS_LinkedList_Steps.user_clicks_on_the_linked_list_Get_started_page_to_open_the_linked_list_page()&amp#27;[0m
  &amp#27;[32mWhen &amp#27;[0m&amp#27;[32mUser clicks on the Deletion link and clicks on the try here button&amp#27;[0m                                   &amp#27;[90m# stepdefinitions_DS.DS_LinkedList_Steps.user_clicks_on_the_deletion_link_and_clicks_on_the_try_here_button()&amp#27;[0m
  &amp#27;[32mThen &amp#27;[0m&amp#27;[32mUser inputs the valid python code in the text editor box from the excel sheet &amp#27;[0m&amp#27;[32m&amp#27;[1m"Data"&amp#27;[0m&amp#27;[32m and rownumber &amp#27;[0m&amp#27;[32m&amp#27;[1m3&amp#27;[0m &amp#27;[90m# stepdefinitions_DS.DS_LinkedList_Steps.user_inputs_the_valid_python_code_in_the_text_editor_box_from_the_excel_sheet_and_rownumber(java.lang.String,java.lang.Integer)&amp#27;[0m
The output is: The sum of 1.5 and 6.3 is 7.8
  &amp#27;[32mThen &amp#27;[0m&amp#27;[32mUser should get the correct output&amp#27;[0m                                                                   &amp#27;[90m# stepdefinitions_DS.DS_Array_Steps.user_should_get_the_correct_output()&amp#27;[0m
]]></system-out>
  </testcase>
  <testcase name="runScenario[&quot;User is trying to login with invalid credentials&quot;, &quot;Log in to the DS-Algo app&quot;](21)" classname="test_Runner.TestRunner" time="2.782">
    <system-out><![CDATA[
Scenario Outline: User is trying to login with invalid credentials                                          &amp#27;[90m# src/test/resources/DS_Feature/LoginPage.feature:14&amp#27;[0m
  &amp#27;[32mGiven &amp#27;[0m&amp#27;[32mUser is in the homepage&amp#27;[0m                                                                             &amp#27;[90m# stepdefinitions_DS.DS_LoginPage_Steps.user_is_in_the_homepage()&amp#27;[0m
  &amp#27;[32mThen &amp#27;[0m&amp#27;[32mUser clicks on the signin button&amp#27;[0m                                                                     &amp#27;[90m# stepdefinitions_DS.DS_LoginPage_Steps.user_clicks_on_the_signin_button()&amp#27;[0m
  &amp#27;[32mWhen &amp#27;[0m&amp#27;[32mUser enters the invalid username &amp#27;[0m&amp#27;[32m&amp#27;[1m"BugSlayers"&amp#27;[0m&amp#27;[32m and password &amp#27;[0m&amp#27;[32m&amp#27;[1m"SuDhJoRa_SDET"&amp#27;[0m&amp#27;[32m and click on login button&amp#27;[0m &amp#27;[90m# stepdefinitions_DS.DS_LoginPage_Steps.user_enters_the_invalid_username_and_password_and_click_on_login_button(java.lang.String,java.lang.String)&amp#27;[0m
  &amp#27;[32mThen &amp#27;[0m&amp#27;[32mThe user should get an error message&amp#27;[0m                                                                 &amp#27;[90m# stepdefinitions_DS.DS_LoginPage_Steps.the_user_should_get_an_error_message()&amp#27;[0m
]]></system-out>
  </testcase>
  <testcase name="runScenario[&quot;User is trying to login with invalid credentials&quot;, &quot;Log in to the DS-Algo app&quot;](22)" classname="test_Runner.TestRunner" time="3.802">
    <system-out><![CDATA[
Scenario Outline: User is trying to login with invalid credentials                                                  &amp#27;[90m# src/test/resources/DS_Feature/LoginPage.feature:15&amp#27;[0m
  &amp#27;[32mGiven &amp#27;[0m&amp#27;[32mUser is in the homepage&amp#27;[0m                                                                                     &amp#27;[90m# stepdefinitions_DS.DS_LoginPage_Steps.user_is_in_the_homepage()&amp#27;[0m
  &amp#27;[32mThen &amp#27;[0m&amp#27;[32mUser clicks on the signin button&amp#27;[0m                                                                             &amp#27;[90m# stepdefinitions_DS.DS_LoginPage_Steps.user_clicks_on_the_signin_button()&amp#27;[0m
  &amp#27;[32mWhen &amp#27;[0m&amp#27;[32mUser enters the invalid username &amp#27;[0m&amp#27;[32m&amp#27;[1m"Bugslayers@SDET143"&amp#27;[0m&amp#27;[32m and password &amp#27;[0m&amp#27;[32m&amp#27;[1m"SudhJoRa_SDET"&amp#27;[0m&amp#27;[32m and click on login button&amp#27;[0m &amp#27;[90m# stepdefinitions_DS.DS_LoginPage_Steps.user_enters_the_invalid_username_and_password_and_click_on_login_button(java.lang.String,java.lang.String)&amp#27;[0m
  &amp#27;[32mThen &amp#27;[0m&amp#27;[32mThe user should get an error message&amp#27;[0m                                                                         &amp#27;[90m# stepdefinitions_DS.DS_LoginPage_Steps.the_user_should_get_an_error_message()&amp#27;[0m
]]></system-out>
  </testcase>
  <testcase name="runScenario[&quot;User is trying to login with some fields empty&quot;, &quot;Log in to the DS-Algo app&quot;](23)" classname="test_Runner.TestRunner" time="2.753">
    <system-out><![CDATA[
Scenario Outline: User is trying to login with some fields empty                   &amp#27;[90m# src/test/resources/DS_Feature/LoginPage.feature:23&amp#27;[0m
  &amp#27;[32mGiven &amp#27;[0m&amp#27;[32mUser is in the homepage&amp#27;[0m                                                    &amp#27;[90m# stepdefinitions_DS.DS_LoginPage_Steps.user_is_in_the_homepage()&amp#27;[0m
  &amp#27;[32mThen &amp#27;[0m&amp#27;[32mUser clicks on the signin button&amp#27;[0m                                            &amp#27;[90m# stepdefinitions_DS.DS_LoginPage_Steps.user_clicks_on_the_signin_button()&amp#27;[0m
  &amp#27;[32mWhen &amp#27;[0m&amp#27;[32mUser missed to fill out all the required fields &amp#27;[0m&amp#27;[32m&amp#27;[1m"Bugslayers@SDET143"&amp#27;[0m&amp#27;[32m and &amp#27;[0m&amp#27;[32m&amp#27;[1m""&amp#27;[0m &amp#27;[90m# stepdefinitions_DS.DS_LoginPage_Steps.user_missed_to_fill_out_all_the_required_fields_and(java.lang.String,java.lang.String)&amp#27;[0m
  &amp#27;[32mThen &amp#27;[0m&amp#27;[32mUser should get a error message to fill out the missing field&amp#27;[0m               &amp#27;[90m# stepdefinitions_DS.DS_LoginPage_Steps.user_should_get_a_error_message_to_fill_out_the_missing_field()&amp#27;[0m
]]></system-out>
  </testcase>
  <testcase name="runScenario[&quot;User is trying to login with some fields empty&quot;, &quot;Log in to the DS-Algo app&quot;](24)" classname="test_Runner.TestRunner" time="3.254">
    <system-out><![CDATA[
Scenario Outline: User is trying to login with some fields empty              &amp#27;[90m# src/test/resources/DS_Feature/LoginPage.feature:24&amp#27;[0m
  &amp#27;[32mGiven &amp#27;[0m&amp#27;[32mUser is in the homepage&amp#27;[0m                                               &amp#27;[90m# stepdefinitions_DS.DS_LoginPage_Steps.user_is_in_the_homepage()&amp#27;[0m
  &amp#27;[32mThen &amp#27;[0m&amp#27;[32mUser clicks on the signin button&amp#27;[0m                                       &amp#27;[90m# stepdefinitions_DS.DS_LoginPage_Steps.user_clicks_on_the_signin_button()&amp#27;[0m
  &amp#27;[32mWhen &amp#27;[0m&amp#27;[32mUser missed to fill out all the required fields &amp#27;[0m&amp#27;[32m&amp#27;[1m""&amp#27;[0m&amp#27;[32m and &amp#27;[0m&amp#27;[32m&amp#27;[1m"SuDhJoRa_SDET"&amp#27;[0m &amp#27;[90m# stepdefinitions_DS.DS_LoginPage_Steps.user_missed_to_fill_out_all_the_required_fields_and(java.lang.String,java.lang.String)&amp#27;[0m
  &amp#27;[32mThen &amp#27;[0m&amp#27;[32mUser should get a error message to fill out the missing field&amp#27;[0m          &amp#27;[90m# stepdefinitions_DS.DS_LoginPage_Steps.user_should_get_a_error_message_to_fill_out_the_missing_field()&amp#27;[0m
]]></system-out>
  </testcase>
  <testcase name="runScenario[&quot;User is trying to login with some fields empty&quot;, &quot;Log in to the DS-Algo app&quot;](25)" classname="test_Runner.TestRunner" time="2.777">
    <system-out><![CDATA[
Scenario Outline: User is trying to login with some fields empty     &amp#27;[90m# src/test/resources/DS_Feature/LoginPage.feature:25&amp#27;[0m
  &amp#27;[32mGiven &amp#27;[0m&amp#27;[32mUser is in the homepage&amp#27;[0m                                      &amp#27;[90m# stepdefinitions_DS.DS_LoginPage_Steps.user_is_in_the_homepage()&amp#27;[0m
  &amp#27;[32mThen &amp#27;[0m&amp#27;[32mUser clicks on the signin button&amp#27;[0m                              &amp#27;[90m# stepdefinitions_DS.DS_LoginPage_Steps.user_clicks_on_the_signin_button()&amp#27;[0m
  &amp#27;[32mWhen &amp#27;[0m&amp#27;[32mUser missed to fill out all the required fields &amp#27;[0m&amp#27;[32m&amp#27;[1m""&amp#27;[0m&amp#27;[32m and &amp#27;[0m&amp#27;[32m&amp#27;[1m""&amp#27;[0m     &amp#27;[90m# stepdefinitions_DS.DS_LoginPage_Steps.user_missed_to_fill_out_all_the_required_fields_and(java.lang.String,java.lang.String)&amp#27;[0m
  &amp#27;[32mThen &amp#27;[0m&amp#27;[32mUser should get a error message to fill out the missing field&amp#27;[0m &amp#27;[90m# stepdefinitions_DS.DS_LoginPage_Steps.user_should_get_a_error_message_to_fill_out_the_missing_field()&amp#27;[0m
]]></system-out>
  </testcase>
  <testcase name="runScenario[&quot;User is logging in with valid credentials&quot;, &quot;Log in to the DS-Algo app&quot;](26)" classname="test_Runner.TestRunner" time="3.484">
    <system-out><![CDATA[
Scenario: User is logging in with valid credentials                                  &amp#27;[90m# src/test/resources/DS_Feature/LoginPage.feature:27&amp#27;[0m
  &amp#27;[32mGiven &amp#27;[0m&amp#27;[32mUser is in the homepage&amp#27;[0m                                                      &amp#27;[90m# stepdefinitions_DS.DS_LoginPage_Steps.user_is_in_the_homepage()&amp#27;[0m
  &amp#27;[32mThen &amp#27;[0m&amp#27;[32mUser clicks on the signin button&amp#27;[0m                                              &amp#27;[90m# stepdefinitions_DS.DS_LoginPage_Steps.user_clicks_on_the_signin_button()&amp#27;[0m
  &amp#27;[32mWhen &amp#27;[0m&amp#27;[32mUser enter the valid username and password then he clicks on the login button&amp#27;[0m &amp#27;[90m# stepdefinitions_DS.DS_LoginPage_Steps.user_enter_the_valid_username_and_password_then_he_clicks_on_the_login_button()&amp#27;[0m
  &amp#27;[32mThen &amp#27;[0m&amp#27;[32mUser is successfully logged in to the app&amp#27;[0m                                     &amp#27;[90m# stepdefinitions_DS.DS_LoginPage_Steps.user_is_successfully_logged_in_to_the_app()&amp#27;[0m
]]></system-out>
  </testcase>
  <testcase name="runScenario[&quot;User checks the functionality of the Implementation of queue in Python page&quot;, &quot;The user test the functionalities of the Queue page in the DS Algo application&quot;](27)" classname="test_Runner.TestRunner" time="6.015">
    <system-out><![CDATA[
Scenario Outline: User checks the functionality of the Implementation of queue in Python page                 &amp#27;[90m# src/test/resources/DS_Feature/Queue.feature:17&amp#27;[0m
  &amp#27;[32mGiven &amp#27;[0m&amp#27;[32mUser is on the DS Algo portal and click on the get started button&amp#27;[0m                                     &amp#27;[90m# stepdefinitions_DS.DS_Array_Steps.user_is_on_the_ds_algo_portal_and_click_on_the_get_started_button()&amp#27;[0m
  &amp#27;[32mThen &amp#27;[0m&amp#27;[32mUser clicks on the sign in link&amp#27;[0m                                                                        &amp#27;[90m# stepdefinitions_DS.DS_Array_Steps.user_clicks_on_the_sign_in_link()&amp#27;[0m
  &amp#27;[32mWhen &amp#27;[0m&amp#27;[32mUser is on the login page, user enters the valid email id and password&amp#27;[0m                                 &amp#27;[90m# stepdefinitions_DS.DS_Array_Steps.user_is_on_the_login_page_user_enters_the_valid_email_id_and_password()&amp#27;[0m
  &amp#27;[32mAnd &amp#27;[0m&amp#27;[32mUser clicks on the Queue Get started button and user is on the Queue page&amp#27;[0m                               &amp#27;[90m# stepdefinitions_DS.DS_Queue_Steps.user_clicks_on_the_queue_get_started_button_and_user_is_on_the_Queue_page()&amp#27;[0m
  &amp#27;[32mWhen &amp#27;[0m&amp#27;[32mUser clicks on the Implementation of queue in Python and user is in that page&amp#27;[0m                          &amp#27;[90m# stepdefinitions_DS.DS_Queue_Steps.user_clicks_on_the_implementation_of_queue_in_python_and_user_is_in_that_page()&amp#27;[0m
  &amp#27;[32mAnd &amp#27;[0m&amp#27;[32mUser clicks on the try here button&amp#27;[0m                                                                      &amp#27;[90m# stepdefinitions_DS.DS_Queue_Steps.user_clicks_on_the_try_here_button()&amp#27;[0m
  &amp#27;[32mThen &amp#27;[0m&amp#27;[32mUser inputs the valid python code in the text editor box from the xlsheet sheet &amp#27;[0m&amp#27;[32m&amp#27;[1m"Data"&amp#27;[0m&amp#27;[32m and rownumber &amp#27;[0m&amp#27;[32m&amp#27;[1m3&amp#27;[0m &amp#27;[90m# stepdefinitions_DS.DS_Queue_Steps.user_inputs_the_valid_python_code_in_the_text_editor_box_from_the_xlsheet_sheet_and_rownumber(java.lang.String,java.lang.Integer)&amp#27;[0m
The output is: The sum of 1.5 and 6.3 is 7.8
  &amp#27;[32mThen &amp#27;[0m&amp#27;[32mUser should get the correct output&amp#27;[0m                                                                     &amp#27;[90m# stepdefinitions_DS.DS_Array_Steps.user_should_get_the_correct_output()&amp#27;[0m
]]></system-out>
  </testcase>
  <testcase name="runScenario[&quot;User checks the functionality of the Implementation using collection.deque page&quot;, &quot;The user test the functionalities of the Queue page in the DS Algo application&quot;](28)" classname="test_Runner.TestRunner" time="6.369">
    <system-out><![CDATA[
Scenario Outline: User checks the functionality of the Implementation using collection.deque page             &amp#27;[90m# src/test/resources/DS_Feature/Queue.feature:27&amp#27;[0m
  &amp#27;[32mGiven &amp#27;[0m&amp#27;[32mUser is on the DS Algo portal and click on the get started button&amp#27;[0m                                     &amp#27;[90m# stepdefinitions_DS.DS_Array_Steps.user_is_on_the_ds_algo_portal_and_click_on_the_get_started_button()&amp#27;[0m
  &amp#27;[32mThen &amp#27;[0m&amp#27;[32mUser clicks on the sign in link&amp#27;[0m                                                                        &amp#27;[90m# stepdefinitions_DS.DS_Array_Steps.user_clicks_on_the_sign_in_link()&amp#27;[0m
  &amp#27;[32mWhen &amp#27;[0m&amp#27;[32mUser is on the login page, user enters the valid email id and password&amp#27;[0m                                 &amp#27;[90m# stepdefinitions_DS.DS_Array_Steps.user_is_on_the_login_page_user_enters_the_valid_email_id_and_password()&amp#27;[0m
  &amp#27;[32mAnd &amp#27;[0m&amp#27;[32mUser clicks on the Queue Get started button and user is on the Queue page&amp#27;[0m                               &amp#27;[90m# stepdefinitions_DS.DS_Queue_Steps.user_clicks_on_the_queue_get_started_button_and_user_is_on_the_Queue_page()&amp#27;[0m
  &amp#27;[32mWhen &amp#27;[0m&amp#27;[32mUser clicks on the Implementation using collection.deque in Python and user is in that page&amp#27;[0m            &amp#27;[90m# stepdefinitions_DS.DS_Queue_Steps.user_clicks_on_the_implementation_using_collection_deque_in_python_and_user_is_in_that_page()&amp#27;[0m
  &amp#27;[32mAnd &amp#27;[0m&amp#27;[32mUser clicks on the try here button&amp#27;[0m                                                                      &amp#27;[90m# stepdefinitions_DS.DS_Queue_Steps.user_clicks_on_the_try_here_button()&amp#27;[0m
  &amp#27;[32mThen &amp#27;[0m&amp#27;[32mUser inputs the valid python code in the text editor box from the xlsheet sheet &amp#27;[0m&amp#27;[32m&amp#27;[1m"Data"&amp#27;[0m&amp#27;[32m and rownumber &amp#27;[0m&amp#27;[32m&amp#27;[1m3&amp#27;[0m &amp#27;[90m# stepdefinitions_DS.DS_Queue_Steps.user_inputs_the_valid_python_code_in_the_text_editor_box_from_the_xlsheet_sheet_and_rownumber(java.lang.String,java.lang.Integer)&amp#27;[0m
The output is: The sum of 1.5 and 6.3 is 7.8
  &amp#27;[32mThen &amp#27;[0m&amp#27;[32mUser should get the correct output&amp#27;[0m                                                                     &amp#27;[90m# stepdefinitions_DS.DS_Array_Steps.user_should_get_the_correct_output()&amp#27;[0m
]]></system-out>
  </testcase>
  <testcase name="runScenario[&quot;User checks the functionality of the Implementation using array page&quot;, &quot;The user test the functionalities of the Queue page in the DS Algo application&quot;](29)" classname="test_Runner.TestRunner" time="6.681">
    <system-out><![CDATA[
Scenario Outline: User checks the functionality of the Implementation using array page                        &amp#27;[90m# src/test/resources/DS_Feature/Queue.feature:37&amp#27;[0m
  &amp#27;[32mGiven &amp#27;[0m&amp#27;[32mUser is on the DS Algo portal and click on the get started button&amp#27;[0m                                     &amp#27;[90m# stepdefinitions_DS.DS_Array_Steps.user_is_on_the_ds_algo_portal_and_click_on_the_get_started_button()&amp#27;[0m
  &amp#27;[32mThen &amp#27;[0m&amp#27;[32mUser clicks on the sign in link&amp#27;[0m                                                                        &amp#27;[90m# stepdefinitions_DS.DS_Array_Steps.user_clicks_on_the_sign_in_link()&amp#27;[0m
  &amp#27;[32mWhen &amp#27;[0m&amp#27;[32mUser is on the login page, user enters the valid email id and password&amp#27;[0m                                 &amp#27;[90m# stepdefinitions_DS.DS_Array_Steps.user_is_on_the_login_page_user_enters_the_valid_email_id_and_password()&amp#27;[0m
  &amp#27;[32mAnd &amp#27;[0m&amp#27;[32mUser clicks on the Queue Get started button and user is on the Queue page&amp#27;[0m                               &amp#27;[90m# stepdefinitions_DS.DS_Queue_Steps.user_clicks_on_the_queue_get_started_button_and_user_is_on_the_Queue_page()&amp#27;[0m
  &amp#27;[32mWhen &amp#27;[0m&amp#27;[32mUser clicks on the Implementation using array in Python and user is in that page&amp#27;[0m                       &amp#27;[90m# stepdefinitions_DS.DS_Queue_Steps.user_clicks_on_the_implementation_using_array_in_python_and_user_is_in_that_page()&amp#27;[0m
  &amp#27;[32mAnd &amp#27;[0m&amp#27;[32mUser clicks on the try here button&amp#27;[0m                                                                      &amp#27;[90m# stepdefinitions_DS.DS_Queue_Steps.user_clicks_on_the_try_here_button()&amp#27;[0m
  &amp#27;[32mThen &amp#27;[0m&amp#27;[32mUser inputs the valid python code in the text editor box from the xlsheet sheet &amp#27;[0m&amp#27;[32m&amp#27;[1m"Data"&amp#27;[0m&amp#27;[32m and rownumber &amp#27;[0m&amp#27;[32m&amp#27;[1m3&amp#27;[0m &amp#27;[90m# stepdefinitions_DS.DS_Queue_Steps.user_inputs_the_valid_python_code_in_the_text_editor_box_from_the_xlsheet_sheet_and_rownumber(java.lang.String,java.lang.Integer)&amp#27;[0m
The output is: The sum of 1.5 and 6.3 is 7.8
  &amp#27;[32mThen &amp#27;[0m&amp#27;[32mUser should get the correct output&amp#27;[0m                                                                     &amp#27;[90m# stepdefinitions_DS.DS_Array_Steps.user_should_get_the_correct_output()&amp#27;[0m
]]></system-out>
  </testcase>
  <testcase name="runScenario[&quot;User checks the functionality of the Queue Operations page&quot;, &quot;The user test the functionalities of the Queue page in the DS Algo application&quot;](30)" classname="test_Runner.TestRunner" time="6.325">
    <system-out><![CDATA[
Scenario Outline: User checks the functionality of the Queue Operations page                                  &amp#27;[90m# src/test/resources/DS_Feature/Queue.feature:47&amp#27;[0m
  &amp#27;[32mGiven &amp#27;[0m&amp#27;[32mUser is on the DS Algo portal and click on the get started button&amp#27;[0m                                     &amp#27;[90m# stepdefinitions_DS.DS_Array_Steps.user_is_on_the_ds_algo_portal_and_click_on_the_get_started_button()&amp#27;[0m
  &amp#27;[32mThen &amp#27;[0m&amp#27;[32mUser clicks on the sign in link&amp#27;[0m                                                                        &amp#27;[90m# stepdefinitions_DS.DS_Array_Steps.user_clicks_on_the_sign_in_link()&amp#27;[0m
  &amp#27;[32mWhen &amp#27;[0m&amp#27;[32mUser is on the login page, user enters the valid email id and password&amp#27;[0m                                 &amp#27;[90m# stepdefinitions_DS.DS_Array_Steps.user_is_on_the_login_page_user_enters_the_valid_email_id_and_password()&amp#27;[0m
  &amp#27;[32mAnd &amp#27;[0m&amp#27;[32mUser clicks on the Queue Get started button and user is on the Queue page&amp#27;[0m                               &amp#27;[90m# stepdefinitions_DS.DS_Queue_Steps.user_clicks_on_the_queue_get_started_button_and_user_is_on_the_Queue_page()&amp#27;[0m
  &amp#27;[32mWhen &amp#27;[0m&amp#27;[32mUser clicks on the Queue Operations in Python and user is in that page&amp#27;[0m                                 &amp#27;[90m# stepdefinitions_DS.DS_Queue_Steps.user_clicks_on_the_queue_operations_in_python_and_user_is_in_that_page()&amp#27;[0m
  &amp#27;[32mAnd &amp#27;[0m&amp#27;[32mUser clicks on the try here button&amp#27;[0m                                                                      &amp#27;[90m# stepdefinitions_DS.DS_Queue_Steps.user_clicks_on_the_try_here_button()&amp#27;[0m
  &amp#27;[32mThen &amp#27;[0m&amp#27;[32mUser inputs the valid python code in the text editor box from the xlsheet sheet &amp#27;[0m&amp#27;[32m&amp#27;[1m"Data"&amp#27;[0m&amp#27;[32m and rownumber &amp#27;[0m&amp#27;[32m&amp#27;[1m3&amp#27;[0m &amp#27;[90m# stepdefinitions_DS.DS_Queue_Steps.user_inputs_the_valid_python_code_in_the_text_editor_box_from_the_xlsheet_sheet_and_rownumber(java.lang.String,java.lang.Integer)&amp#27;[0m
The output is: The sum of 1.5 and 6.3 is 7.8
  &amp#27;[32mThen &amp#27;[0m&amp#27;[32mUser should get the correct output&amp#27;[0m                                                                     &amp#27;[90m# stepdefinitions_DS.DS_Array_Steps.user_should_get_the_correct_output()&amp#27;[0m
]]></system-out>
  </testcase>
  <testcase name="runScenario[&quot;Register with invalid credentials to check the error displayed&quot;, &quot;Registering to the DS-Algo app&quot;](31)" classname="test_Runner.TestRunner" time="2.965">
    <system-out><![CDATA[
Scenario Outline: Register with invalid credentials to check the error displayed &amp#27;[90m# src/test/resources/DS_Feature/Register.feature:12&amp#27;[0m
  &amp#27;[32mGiven &amp#27;[0m&amp#27;[32mUser is on the Register Page&amp#27;[0m                                             &amp#27;[90m# stepdefinitions_DS.DS_RegisterPage_Steps.user_is_on_the_register_page()&amp#27;[0m
  &amp#27;[32mWhen &amp#27;[0m&amp#27;[32mUser leaves some fields &amp#27;[0m&amp#27;[32m&amp#27;[1m""&amp#27;[0m&amp#27;[32m, &amp#27;[0m&amp#27;[32m&amp#27;[1m"Pass123"&amp#27;[0m&amp#27;[32m and &amp#27;[0m&amp#27;[32m&amp#27;[1m"Pass123"&amp#27;[0m&amp#27;[32m empty&amp#27;[0m                 &amp#27;[90m# stepdefinitions_DS.DS_RegisterPage_Steps.user_leaves_some_fields_and_empty(java.lang.String,java.lang.String,java.lang.String)&amp#27;[0m
  &amp#27;[32mAnd &amp#27;[0m&amp#27;[32mUser clicks on the register button&amp#27;[0m                                         &amp#27;[90m# stepdefinitions_DS.DS_RegisterPage_Steps.user_clicks_on_the_register_button()&amp#27;[0m
  &amp#27;[32mThen &amp#27;[0m&amp#27;[32mUser should get proper warning message&amp#27;[0m                                    &amp#27;[90m# stepdefinitions_DS.DS_RegisterPage_Steps.user_should_get_proper_warning_message()&amp#27;[0m
]]></system-out>
  </testcase>
  <testcase name="runScenario[&quot;Register with invalid credentials to check the error displayed&quot;, &quot;Registering to the DS-Algo app&quot;](32)" classname="test_Runner.TestRunner" time="2.664">
    <system-out><![CDATA[
Scenario Outline: Register with invalid credentials to check the error displayed &amp#27;[90m# src/test/resources/DS_Feature/Register.feature:13&amp#27;[0m
  &amp#27;[32mGiven &amp#27;[0m&amp#27;[32mUser is on the Register Page&amp#27;[0m                                             &amp#27;[90m# stepdefinitions_DS.DS_RegisterPage_Steps.user_is_on_the_register_page()&amp#27;[0m
  &amp#27;[32mWhen &amp#27;[0m&amp#27;[32mUser leaves some fields &amp#27;[0m&amp#27;[32m&amp#27;[1m"Admin"&amp#27;[0m&amp#27;[32m, &amp#27;[0m&amp#27;[32m&amp#27;[1m"Pass123"&amp#27;[0m&amp#27;[32m and &amp#27;[0m&amp#27;[32m&amp#27;[1m""&amp#27;[0m&amp#27;[32m empty&amp#27;[0m                   &amp#27;[90m# stepdefinitions_DS.DS_RegisterPage_Steps.user_leaves_some_fields_and_empty(java.lang.String,java.lang.String,java.lang.String)&amp#27;[0m
  &amp#27;[32mAnd &amp#27;[0m&amp#27;[32mUser clicks on the register button&amp#27;[0m                                         &amp#27;[90m# stepdefinitions_DS.DS_RegisterPage_Steps.user_clicks_on_the_register_button()&amp#27;[0m
  &amp#27;[32mThen &amp#27;[0m&amp#27;[32mUser should get proper warning message&amp#27;[0m                                    &amp#27;[90m# stepdefinitions_DS.DS_RegisterPage_Steps.user_should_get_proper_warning_message()&amp#27;[0m
]]></system-out>
  </testcase>
  <testcase name="runScenario[&quot;Register with invalid credentials to check the error displayed&quot;, &quot;Registering to the DS-Algo app&quot;](33)" classname="test_Runner.TestRunner" time="2.749">
    <system-out><![CDATA[
Scenario Outline: Register with invalid credentials to check the error displayed &amp#27;[90m# src/test/resources/DS_Feature/Register.feature:14&amp#27;[0m
  &amp#27;[32mGiven &amp#27;[0m&amp#27;[32mUser is on the Register Page&amp#27;[0m                                             &amp#27;[90m# stepdefinitions_DS.DS_RegisterPage_Steps.user_is_on_the_register_page()&amp#27;[0m
  &amp#27;[32mWhen &amp#27;[0m&amp#27;[32mUser leaves some fields &amp#27;[0m&amp#27;[32m&amp#27;[1m""&amp#27;[0m&amp#27;[32m, &amp#27;[0m&amp#27;[32m&amp#27;[1m""&amp#27;[0m&amp#27;[32m and &amp#27;[0m&amp#27;[32m&amp#27;[1m""&amp#27;[0m&amp#27;[32m empty&amp#27;[0m                               &amp#27;[90m# stepdefinitions_DS.DS_RegisterPage_Steps.user_leaves_some_fields_and_empty(java.lang.String,java.lang.String,java.lang.String)&amp#27;[0m
  &amp#27;[32mAnd &amp#27;[0m&amp#27;[32mUser clicks on the register button&amp#27;[0m                                         &amp#27;[90m# stepdefinitions_DS.DS_RegisterPage_Steps.user_clicks_on_the_register_button()&amp#27;[0m
  &amp#27;[32mThen &amp#27;[0m&amp#27;[32mUser should get proper warning message&amp#27;[0m                                    &amp#27;[90m# stepdefinitions_DS.DS_RegisterPage_Steps.user_should_get_proper_warning_message()&amp#27;[0m
]]></system-out>
  </testcase>
  <testcase name="runScenario[&quot;User checks the functionality of the Operations in stack page&quot;, &quot;The user test the functionalities of the Stack page in the DS Algo application&quot;](34)" classname="test_Runner.TestRunner" time="6.018">
    <system-out><![CDATA[
Scenario Outline: User checks the functionality of the Operations in stack page                                  &amp#27;[90m# src/test/resources/DS_Feature/Stack.feature:17&amp#27;[0m
  &amp#27;[32mGiven &amp#27;[0m&amp#27;[32mUser is on the DS Algo portal and click on the get started button&amp#27;[0m                                        &amp#27;[90m# stepdefinitions_DS.DS_Array_Steps.user_is_on_the_ds_algo_portal_and_click_on_the_get_started_button()&amp#27;[0m
  &amp#27;[32mThen &amp#27;[0m&amp#27;[32mUser clicks on the sign in link&amp#27;[0m                                                                           &amp#27;[90m# stepdefinitions_DS.DS_Array_Steps.user_clicks_on_the_sign_in_link()&amp#27;[0m
  &amp#27;[32mWhen &amp#27;[0m&amp#27;[32mUser is on the login page, user enters the valid email id and password&amp#27;[0m                                    &amp#27;[90m# stepdefinitions_DS.DS_Array_Steps.user_is_on_the_login_page_user_enters_the_valid_email_id_and_password()&amp#27;[0m
  &amp#27;[32mAnd &amp#27;[0m&amp#27;[32mUser clicks on the Stack Get started button and user is on the Stack page&amp#27;[0m                                  &amp#27;[90m# stepdefinitions_DS.DS_Stack_Steps.user_clicks_on_the_stack_get_started_button_and_user_is_on_the_stack_page()&amp#27;[0m
  &amp#27;[32mWhen &amp#27;[0m&amp#27;[32mUser clicks on the Operations in stack and user is in that page&amp#27;[0m                                           &amp#27;[90m# stepdefinitions_DS.DS_Stack_Steps.user_clicks_on_the_operations_in_stack_and_user_is_in_that_page()&amp#27;[0m
  &amp#27;[32mAnd &amp#27;[0m&amp#27;[32mUser click on the try here button&amp#27;[0m                                                                          &amp#27;[90m# stepdefinitions_DS.DS_Stack_Steps.user_click_on_the_try_here_button()&amp#27;[0m
  &amp#27;[32mThen &amp#27;[0m&amp#27;[32mUser inputs the valid python code in the text editor box from the excelsheet sheet &amp#27;[0m&amp#27;[32m&amp#27;[1m"Data"&amp#27;[0m&amp#27;[32m and rownumber &amp#27;[0m&amp#27;[32m&amp#27;[1m3&amp#27;[0m &amp#27;[90m# stepdefinitions_DS.DS_Stack_Steps.user_inputs_the_valid_python_code_in_the_text_editor_box_from_the_excelsheet_sheet_and_rownumber(java.lang.String,java.lang.Integer)&amp#27;[0m
The output is: The sum of 1.5 and 6.3 is 7.8
  &amp#27;[32mThen &amp#27;[0m&amp#27;[32mUser should get the correct output&amp#27;[0m                                                                        &amp#27;[90m# stepdefinitions_DS.DS_Array_Steps.user_should_get_the_correct_output()&amp#27;[0m
]]></system-out>
  </testcase>
  <testcase name="runScenario[&quot;User checks the functionality of the Implementaion in stack page&quot;, &quot;The user test the functionalities of the Stack page in the DS Algo application&quot;](35)" classname="test_Runner.TestRunner" time="5.476">
    <system-out><![CDATA[
Scenario Outline: User checks the functionality of the Implementaion in stack page                               &amp#27;[90m# src/test/resources/DS_Feature/Stack.feature:27&amp#27;[0m
  &amp#27;[32mGiven &amp#27;[0m&amp#27;[32mUser is on the DS Algo portal and click on the get started button&amp#27;[0m                                        &amp#27;[90m# stepdefinitions_DS.DS_Array_Steps.user_is_on_the_ds_algo_portal_and_click_on_the_get_started_button()&amp#27;[0m
  &amp#27;[32mThen &amp#27;[0m&amp#27;[32mUser clicks on the sign in link&amp#27;[0m                                                                           &amp#27;[90m# stepdefinitions_DS.DS_Array_Steps.user_clicks_on_the_sign_in_link()&amp#27;[0m
  &amp#27;[32mWhen &amp#27;[0m&amp#27;[32mUser is on the login page, user enters the valid email id and password&amp#27;[0m                                    &amp#27;[90m# stepdefinitions_DS.DS_Array_Steps.user_is_on_the_login_page_user_enters_the_valid_email_id_and_password()&amp#27;[0m
  &amp#27;[32mAnd &amp#27;[0m&amp#27;[32mUser clicks on the Stack Get started button and user is on the Stack page&amp#27;[0m                                  &amp#27;[90m# stepdefinitions_DS.DS_Stack_Steps.user_clicks_on_the_stack_get_started_button_and_user_is_on_the_stack_page()&amp#27;[0m
  &amp#27;[32mWhen &amp#27;[0m&amp#27;[32mUser clicks on the Implementaion in stack and user is in the that page&amp#27;[0m                                    &amp#27;[90m# stepdefinitions_DS.DS_Stack_Steps.user_clicks_on_the_implementaion_in_stack_and_user_is_in_the_that_page()&amp#27;[0m
  &amp#27;[32mAnd &amp#27;[0m&amp#27;[32mUser click on the try here button&amp#27;[0m                                                                          &amp#27;[90m# stepdefinitions_DS.DS_Stack_Steps.user_click_on_the_try_here_button()&amp#27;[0m
  &amp#27;[32mThen &amp#27;[0m&amp#27;[32mUser inputs the valid python code in the text editor box from the excelsheet sheet &amp#27;[0m&amp#27;[32m&amp#27;[1m"Data"&amp#27;[0m&amp#27;[32m and rownumber &amp#27;[0m&amp#27;[32m&amp#27;[1m3&amp#27;[0m &amp#27;[90m# stepdefinitions_DS.DS_Stack_Steps.user_inputs_the_valid_python_code_in_the_text_editor_box_from_the_excelsheet_sheet_and_rownumber(java.lang.String,java.lang.Integer)&amp#27;[0m
The output is: The sum of 1.5 and 6.3 is 7.8
  &amp#27;[32mThen &amp#27;[0m&amp#27;[32mUser should get the correct output&amp#27;[0m                                                                        &amp#27;[90m# stepdefinitions_DS.DS_Array_Steps.user_should_get_the_correct_output()&amp#27;[0m
]]></system-out>
  </testcase>
  <testcase name="runScenario[&quot;User checks the functionality of the Applications in stack page&quot;, &quot;The user test the functionalities of the Stack page in the DS Algo application&quot;](36)" classname="test_Runner.TestRunner" time="6.566">
    <system-out><![CDATA[
Scenario Outline: User checks the functionality of the Applications in stack page                                &amp#27;[90m# src/test/resources/DS_Feature/Stack.feature:37&amp#27;[0m
  &amp#27;[32mGiven &amp#27;[0m&amp#27;[32mUser is on the DS Algo portal and click on the get started button&amp#27;[0m                                        &amp#27;[90m# stepdefinitions_DS.DS_Array_Steps.user_is_on_the_ds_algo_portal_and_click_on_the_get_started_button()&amp#27;[0m
  &amp#27;[32mThen &amp#27;[0m&amp#27;[32mUser clicks on the sign in link&amp#27;[0m                                                                           &amp#27;[90m# stepdefinitions_DS.DS_Array_Steps.user_clicks_on_the_sign_in_link()&amp#27;[0m
  &amp#27;[32mWhen &amp#27;[0m&amp#27;[32mUser is on the login page, user enters the valid email id and password&amp#27;[0m                                    &amp#27;[90m# stepdefinitions_DS.DS_Array_Steps.user_is_on_the_login_page_user_enters_the_valid_email_id_and_password()&amp#27;[0m
  &amp#27;[32mAnd &amp#27;[0m&amp#27;[32mUser clicks on the Stack Get started button and user is on the Stack page&amp#27;[0m                                  &amp#27;[90m# stepdefinitions_DS.DS_Stack_Steps.user_clicks_on_the_stack_get_started_button_and_user_is_on_the_stack_page()&amp#27;[0m
  &amp#27;[32mWhen &amp#27;[0m&amp#27;[32mUser clicks on the Applications in stack and user is in the that in stack page&amp#27;[0m                            &amp#27;[90m# stepdefinitions_DS.DS_Stack_Steps.user_clicks_on_the_applications_in_stack_and_user_is_in_the_that_in_stack_page()&amp#27;[0m
  &amp#27;[32mAnd &amp#27;[0m&amp#27;[32mUser click on the try here button&amp#27;[0m                                                                          &amp#27;[90m# stepdefinitions_DS.DS_Stack_Steps.user_click_on_the_try_here_button()&amp#27;[0m
  &amp#27;[32mThen &amp#27;[0m&amp#27;[32mUser inputs the valid python code in the text editor box from the excelsheet sheet &amp#27;[0m&amp#27;[32m&amp#27;[1m"Data"&amp#27;[0m&amp#27;[32m and rownumber &amp#27;[0m&amp#27;[32m&amp#27;[1m3&amp#27;[0m &amp#27;[90m# stepdefinitions_DS.DS_Stack_Steps.user_inputs_the_valid_python_code_in_the_text_editor_box_from_the_excelsheet_sheet_and_rownumber(java.lang.String,java.lang.Integer)&amp#27;[0m
The output is: The sum of 1.5 and 6.3 is 7.8
  &amp#27;[32mThen &amp#27;[0m&amp#27;[32mUser should get the correct output&amp#27;[0m                                                                        &amp#27;[90m# stepdefinitions_DS.DS_Array_Steps.user_should_get_the_correct_output()&amp#27;[0m
]]></system-out>
  </testcase>
  <testcase name="runScenario[&quot;User checks the functionality of the Overview of Trees&quot;, &quot;The user test the functionalities of the Stack page in the DS Algo application&quot;](37)" classname="test_Runner.TestRunner" time="7.247">
    <system-out><![CDATA[
Scenario Outline: User checks the functionality of the Overview of Trees                                          &amp#27;[90m# src/test/resources/DS_Feature/TreePage.feature:17&amp#27;[0m
  &amp#27;[32mGiven &amp#27;[0m&amp#27;[32mUser is on the DS Algo portal and click on the get started button&amp#27;[0m                                         &amp#27;[90m# stepdefinitions_DS.DS_Array_Steps.user_is_on_the_ds_algo_portal_and_click_on_the_get_started_button()&amp#27;[0m
  &amp#27;[32mThen &amp#27;[0m&amp#27;[32mUser clicks on the sign in link&amp#27;[0m                                                                            &amp#27;[90m# stepdefinitions_DS.DS_Array_Steps.user_clicks_on_the_sign_in_link()&amp#27;[0m
  &amp#27;[32mWhen &amp#27;[0m&amp#27;[32mUser is on the login page, user enters the valid email id and password&amp#27;[0m                                     &amp#27;[90m# stepdefinitions_DS.DS_Array_Steps.user_is_on_the_login_page_user_enters_the_valid_email_id_and_password()&amp#27;[0m
  &amp#27;[32mAnd &amp#27;[0m&amp#27;[32mUser clicks on the Tree Get started button and user is on the Tree page&amp#27;[0m                                     &amp#27;[90m# stepdefinitions_DS.DS_Trees_Steps.user_clicks_on_the_tree_get_started_button_and_user_is_on_the_tree_page()&amp#27;[0m
  &amp#27;[32mWhen &amp#27;[0m&amp#27;[32mUser clicks on the Overview of Trees and user is in that page&amp#27;[0m                                              &amp#27;[90m# stepdefinitions_DS.DS_Trees_Steps.user_clicks_on_the_overview_of_trees_and_user_is_in_that_page()&amp#27;[0m
  &amp#27;[32mAnd &amp#27;[0m&amp#27;[32mUser click on the try here button to go to try editor&amp#27;[0m                                                       &amp#27;[90m# stepdefinitions_DS.DS_Trees_Steps.user_click_on_the_try_here_button_to_go_to_try_editor()&amp#27;[0m
  &amp#27;[32mThen &amp#27;[0m&amp#27;[32mUser inputs the valid python code in the text editor box from the excel sheet sheet &amp#27;[0m&amp#27;[32m&amp#27;[1m"Data"&amp#27;[0m&amp#27;[32m and rownumber &amp#27;[0m&amp#27;[32m&amp#27;[1m3&amp#27;[0m &amp#27;[90m# stepdefinitions_DS.DS_Trees_Steps.user_inputs_the_valid_python_code_in_the_text_editor_box_from_the_excel_sheet_sheet_and_rownumber(java.lang.String,java.lang.Integer)&amp#27;[0m
The output is: The sum of 1.5 and 6.3 is 7.8
  &amp#27;[32mThen &amp#27;[0m&amp#27;[32mUser should get the correct output&amp#27;[0m                                                                         &amp#27;[90m# stepdefinitions_DS.DS_Array_Steps.user_should_get_the_correct_output()&amp#27;[0m
]]></system-out>
  </testcase>
  <testcase name="runScenario[&quot;User checks the functionality of the Terminologies link in Tree&quot;, &quot;The user test the functionalities of the Stack page in the DS Algo application&quot;](38)" classname="test_Runner.TestRunner" time="6.754">
    <system-out><![CDATA[
Scenario Outline: User checks the functionality of the Terminologies link in Tree                                 &amp#27;[90m# src/test/resources/DS_Feature/TreePage.feature:27&amp#27;[0m
  &amp#27;[32mGiven &amp#27;[0m&amp#27;[32mUser is on the DS Algo portal and click on the get started button&amp#27;[0m                                         &amp#27;[90m# stepdefinitions_DS.DS_Array_Steps.user_is_on_the_ds_algo_portal_and_click_on_the_get_started_button()&amp#27;[0m
  &amp#27;[32mThen &amp#27;[0m&amp#27;[32mUser clicks on the sign in link&amp#27;[0m                                                                            &amp#27;[90m# stepdefinitions_DS.DS_Array_Steps.user_clicks_on_the_sign_in_link()&amp#27;[0m
  &amp#27;[32mWhen &amp#27;[0m&amp#27;[32mUser is on the login page, user enters the valid email id and password&amp#27;[0m                                     &amp#27;[90m# stepdefinitions_DS.DS_Array_Steps.user_is_on_the_login_page_user_enters_the_valid_email_id_and_password()&amp#27;[0m
  &amp#27;[32mAnd &amp#27;[0m&amp#27;[32mUser clicks on the Tree Get started button and user is on the Tree page&amp#27;[0m                                     &amp#27;[90m# stepdefinitions_DS.DS_Trees_Steps.user_clicks_on_the_tree_get_started_button_and_user_is_on_the_tree_page()&amp#27;[0m
  &amp#27;[32mWhen &amp#27;[0m&amp#27;[32mUser clicks on the Terminologies link in Trees and user is in that page&amp#27;[0m                                    &amp#27;[90m# stepdefinitions_DS.DS_Trees_Steps.user_clicks_on_the_terminologies_link_in_trees_and_user_is_in_that_page()&amp#27;[0m
  &amp#27;[32mAnd &amp#27;[0m&amp#27;[32mUser click on the try here button to go to try editor&amp#27;[0m                                                       &amp#27;[90m# stepdefinitions_DS.DS_Trees_Steps.user_click_on_the_try_here_button_to_go_to_try_editor()&amp#27;[0m
  &amp#27;[32mThen &amp#27;[0m&amp#27;[32mUser inputs the valid python code in the text editor box from the excel sheet sheet &amp#27;[0m&amp#27;[32m&amp#27;[1m"Data"&amp#27;[0m&amp#27;[32m and rownumber &amp#27;[0m&amp#27;[32m&amp#27;[1m3&amp#27;[0m &amp#27;[90m# stepdefinitions_DS.DS_Trees_Steps.user_inputs_the_valid_python_code_in_the_text_editor_box_from_the_excel_sheet_sheet_and_rownumber(java.lang.String,java.lang.Integer)&amp#27;[0m
The output is: The sum of 1.5 and 6.3 is 7.8
  &amp#27;[32mThen &amp#27;[0m&amp#27;[32mUser should get the correct output&amp#27;[0m                                                                         &amp#27;[90m# stepdefinitions_DS.DS_Array_Steps.user_should_get_the_correct_output()&amp#27;[0m
]]></system-out>
  </testcase>
  <testcase name="runScenario[&quot;User checks the functionality of the Types of Trees&quot;, &quot;The user test the functionalities of the Stack page in the DS Algo application&quot;](39)" classname="test_Runner.TestRunner" time="5.673">
    <system-out><![CDATA[
Scenario Outline: User checks the functionality of the Types of Trees                                             &amp#27;[90m# src/test/resources/DS_Feature/TreePage.feature:37&amp#27;[0m
  &amp#27;[32mGiven &amp#27;[0m&amp#27;[32mUser is on the DS Algo portal and click on the get started button&amp#27;[0m                                         &amp#27;[90m# stepdefinitions_DS.DS_Array_Steps.user_is_on_the_ds_algo_portal_and_click_on_the_get_started_button()&amp#27;[0m
  &amp#27;[32mThen &amp#27;[0m&amp#27;[32mUser clicks on the sign in link&amp#27;[0m                                                                            &amp#27;[90m# stepdefinitions_DS.DS_Array_Steps.user_clicks_on_the_sign_in_link()&amp#27;[0m
  &amp#27;[32mWhen &amp#27;[0m&amp#27;[32mUser is on the login page, user enters the valid email id and password&amp#27;[0m                                     &amp#27;[90m# stepdefinitions_DS.DS_Array_Steps.user_is_on_the_login_page_user_enters_the_valid_email_id_and_password()&amp#27;[0m
  &amp#27;[32mAnd &amp#27;[0m&amp#27;[32mUser clicks on the Tree Get started button and user is on the Tree page&amp#27;[0m                                     &amp#27;[90m# stepdefinitions_DS.DS_Trees_Steps.user_clicks_on_the_tree_get_started_button_and_user_is_on_the_tree_page()&amp#27;[0m
  &amp#27;[32mWhen &amp#27;[0m&amp#27;[32mUser clicks on the Types of Trees link and user is in that page&amp#27;[0m                                            &amp#27;[90m# stepdefinitions_DS.DS_Trees_Steps.user_clicks_on_the_types_of_trees_link_and_user_is_in_that_page()&amp#27;[0m
  &amp#27;[32mAnd &amp#27;[0m&amp#27;[32mUser click on the try here button to go to try editor&amp#27;[0m                                                       &amp#27;[90m# stepdefinitions_DS.DS_Trees_Steps.user_click_on_the_try_here_button_to_go_to_try_editor()&amp#27;[0m
  &amp#27;[32mThen &amp#27;[0m&amp#27;[32mUser inputs the valid python code in the text editor box from the excel sheet sheet &amp#27;[0m&amp#27;[32m&amp#27;[1m"Data"&amp#27;[0m&amp#27;[32m and rownumber &amp#27;[0m&amp#27;[32m&amp#27;[1m3&amp#27;[0m &amp#27;[90m# stepdefinitions_DS.DS_Trees_Steps.user_inputs_the_valid_python_code_in_the_text_editor_box_from_the_excel_sheet_sheet_and_rownumber(java.lang.String,java.lang.Integer)&amp#27;[0m
The output is: The sum of 1.5 and 6.3 is 7.8
  &amp#27;[32mThen &amp#27;[0m&amp#27;[32mUser should get the correct output&amp#27;[0m                                                                         &amp#27;[90m# stepdefinitions_DS.DS_Array_Steps.user_should_get_the_correct_output()&amp#27;[0m
]]></system-out>
  </testcase>
  <testcase name="runScenario[&quot;User checks the functionality of the TreeTraversals in Trees&quot;, &quot;The user test the functionalities of the Stack page in the DS Algo application&quot;](40)" classname="test_Runner.TestRunner" time="6.071">
    <system-out><![CDATA[
Scenario Outline: User checks the functionality of the TreeTraversals in Trees                                    &amp#27;[90m# src/test/resources/DS_Feature/TreePage.feature:47&amp#27;[0m
  &amp#27;[32mGiven &amp#27;[0m&amp#27;[32mUser is on the DS Algo portal and click on the get started button&amp#27;[0m                                         &amp#27;[90m# stepdefinitions_DS.DS_Array_Steps.user_is_on_the_ds_algo_portal_and_click_on_the_get_started_button()&amp#27;[0m
  &amp#27;[32mThen &amp#27;[0m&amp#27;[32mUser clicks on the sign in link&amp#27;[0m                                                                            &amp#27;[90m# stepdefinitions_DS.DS_Array_Steps.user_clicks_on_the_sign_in_link()&amp#27;[0m
  &amp#27;[32mWhen &amp#27;[0m&amp#27;[32mUser is on the login page, user enters the valid email id and password&amp#27;[0m                                     &amp#27;[90m# stepdefinitions_DS.DS_Array_Steps.user_is_on_the_login_page_user_enters_the_valid_email_id_and_password()&amp#27;[0m
  &amp#27;[32mAnd &amp#27;[0m&amp#27;[32mUser clicks on the Tree Get started button and user is on the Tree page&amp#27;[0m                                     &amp#27;[90m# stepdefinitions_DS.DS_Trees_Steps.user_clicks_on_the_tree_get_started_button_and_user_is_on_the_tree_page()&amp#27;[0m
  &amp#27;[32mWhen &amp#27;[0m&amp#27;[32mUser clicks on the TreeTraversals in Trees and user is in that page&amp#27;[0m                                        &amp#27;[90m# stepdefinitions_DS.DS_Trees_Steps.user_clicks_on_the_tree_traversals_in_trees_and_user_is_in_that_page()&amp#27;[0m
  &amp#27;[32mAnd &amp#27;[0m&amp#27;[32mUser click on the try here button to go to try editor&amp#27;[0m                                                       &amp#27;[90m# stepdefinitions_DS.DS_Trees_Steps.user_click_on_the_try_here_button_to_go_to_try_editor()&amp#27;[0m
  &amp#27;[32mThen &amp#27;[0m&amp#27;[32mUser inputs the valid python code in the text editor box from the excel sheet sheet &amp#27;[0m&amp#27;[32m&amp#27;[1m"Data"&amp#27;[0m&amp#27;[32m and rownumber &amp#27;[0m&amp#27;[32m&amp#27;[1m3&amp#27;[0m &amp#27;[90m# stepdefinitions_DS.DS_Trees_Steps.user_inputs_the_valid_python_code_in_the_text_editor_box_from_the_excel_sheet_sheet_and_rownumber(java.lang.String,java.lang.Integer)&amp#27;[0m
The output is: The sum of 1.5 and 6.3 is 7.8
  &amp#27;[32mThen &amp#27;[0m&amp#27;[32mUser should get the correct output&amp#27;[0m                                                                         &amp#27;[90m# stepdefinitions_DS.DS_Array_Steps.user_should_get_the_correct_output()&amp#27;[0m
]]></system-out>
  </testcase>
  <testcase name="runScenario[&quot;User checks the functionality of the TraversalsIllustration in Trees&quot;, &quot;The user test the functionalities of the Stack page in the DS Algo application&quot;](41)" classname="test_Runner.TestRunner" time="5.848">
    <system-out><![CDATA[
Scenario Outline: User checks the functionality of the TraversalsIllustration in Trees                            &amp#27;[90m# src/test/resources/DS_Feature/TreePage.feature:57&amp#27;[0m
  &amp#27;[32mGiven &amp#27;[0m&amp#27;[32mUser is on the DS Algo portal and click on the get started button&amp#27;[0m                                         &amp#27;[90m# stepdefinitions_DS.DS_Array_Steps.user_is_on_the_ds_algo_portal_and_click_on_the_get_started_button()&amp#27;[0m
  &amp#27;[32mThen &amp#27;[0m&amp#27;[32mUser clicks on the sign in link&amp#27;[0m                                                                            &amp#27;[90m# stepdefinitions_DS.DS_Array_Steps.user_clicks_on_the_sign_in_link()&amp#27;[0m
  &amp#27;[32mWhen &amp#27;[0m&amp#27;[32mUser is on the login page, user enters the valid email id and password&amp#27;[0m                                     &amp#27;[90m# stepdefinitions_DS.DS_Array_Steps.user_is_on_the_login_page_user_enters_the_valid_email_id_and_password()&amp#27;[0m
  &amp#27;[32mAnd &amp#27;[0m&amp#27;[32mUser clicks on the Tree Get started button and user is on the Tree page&amp#27;[0m                                     &amp#27;[90m# stepdefinitions_DS.DS_Trees_Steps.user_clicks_on_the_tree_get_started_button_and_user_is_on_the_tree_page()&amp#27;[0m
  &amp#27;[32mWhen &amp#27;[0m&amp#27;[32mUser clicks on the TraversalsIllustration in Trees and user is in that page&amp#27;[0m                                &amp#27;[90m# stepdefinitions_DS.DS_Trees_Steps.user_clicks_on_the_traversals_illustration_in_trees_and_user_is_in_that_page()&amp#27;[0m
  &amp#27;[32mAnd &amp#27;[0m&amp#27;[32mUser click on the try here button to go to try editor&amp#27;[0m                                                       &amp#27;[90m# stepdefinitions_DS.DS_Trees_Steps.user_click_on_the_try_here_button_to_go_to_try_editor()&amp#27;[0m
  &amp#27;[32mThen &amp#27;[0m&amp#27;[32mUser inputs the valid python code in the text editor box from the excel sheet sheet &amp#27;[0m&amp#27;[32m&amp#27;[1m"Data"&amp#27;[0m&amp#27;[32m and rownumber &amp#27;[0m&amp#27;[32m&amp#27;[1m3&amp#27;[0m &amp#27;[90m# stepdefinitions_DS.DS_Trees_Steps.user_inputs_the_valid_python_code_in_the_text_editor_box_from_the_excel_sheet_sheet_and_rownumber(java.lang.String,java.lang.Integer)&amp#27;[0m
The output is: The sum of 1.5 and 6.3 is 7.8
  &amp#27;[32mThen &amp#27;[0m&amp#27;[32mUser should get the correct output&amp#27;[0m                                                                         &amp#27;[90m# stepdefinitions_DS.DS_Array_Steps.user_should_get_the_correct_output()&amp#27;[0m
]]></system-out>
  </testcase>
  <testcase name="runScenario[&quot;User checks the functionality of the BinaryTrees in Trees&quot;, &quot;The user test the functionalities of the Stack page in the DS Algo application&quot;](42)" classname="test_Runner.TestRunner" time="6.599">
    <system-out><![CDATA[
Scenario Outline: User checks the functionality of the BinaryTrees in Trees                                       &amp#27;[90m# src/test/resources/DS_Feature/TreePage.feature:67&amp#27;[0m
  &amp#27;[32mGiven &amp#27;[0m&amp#27;[32mUser is on the DS Algo portal and click on the get started button&amp#27;[0m                                         &amp#27;[90m# stepdefinitions_DS.DS_Array_Steps.user_is_on_the_ds_algo_portal_and_click_on_the_get_started_button()&amp#27;[0m
  &amp#27;[32mThen &amp#27;[0m&amp#27;[32mUser clicks on the sign in link&amp#27;[0m                                                                            &amp#27;[90m# stepdefinitions_DS.DS_Array_Steps.user_clicks_on_the_sign_in_link()&amp#27;[0m
  &amp#27;[32mWhen &amp#27;[0m&amp#27;[32mUser is on the login page, user enters the valid email id and password&amp#27;[0m                                     &amp#27;[90m# stepdefinitions_DS.DS_Array_Steps.user_is_on_the_login_page_user_enters_the_valid_email_id_and_password()&amp#27;[0m
  &amp#27;[32mAnd &amp#27;[0m&amp#27;[32mUser clicks on the Tree Get started button and user is on the Tree page&amp#27;[0m                                     &amp#27;[90m# stepdefinitions_DS.DS_Trees_Steps.user_clicks_on_the_tree_get_started_button_and_user_is_on_the_tree_page()&amp#27;[0m
  &amp#27;[32mWhen &amp#27;[0m&amp#27;[32mUser clicks on the BinaryTrees in Trees and user is in that page&amp#27;[0m                                           &amp#27;[90m# stepdefinitions_DS.DS_Trees_Steps.user_clicks_on_the_binary_trees_in_trees_and_user_is_in_that_page()&amp#27;[0m
  &amp#27;[32mAnd &amp#27;[0m&amp#27;[32mUser click on the try here button to go to try editor&amp#27;[0m                                                       &amp#27;[90m# stepdefinitions_DS.DS_Trees_Steps.user_click_on_the_try_here_button_to_go_to_try_editor()&amp#27;[0m
  &amp#27;[32mThen &amp#27;[0m&amp#27;[32mUser inputs the valid python code in the text editor box from the excel sheet sheet &amp#27;[0m&amp#27;[32m&amp#27;[1m"Data"&amp#27;[0m&amp#27;[32m and rownumber &amp#27;[0m&amp#27;[32m&amp#27;[1m3&amp#27;[0m &amp#27;[90m# stepdefinitions_DS.DS_Trees_Steps.user_inputs_the_valid_python_code_in_the_text_editor_box_from_the_excel_sheet_sheet_and_rownumber(java.lang.String,java.lang.Integer)&amp#27;[0m
The output is: The sum of 1.5 and 6.3 is 7.8
  &amp#27;[32mThen &amp#27;[0m&amp#27;[32mUser should get the correct output&amp#27;[0m                                                                         &amp#27;[90m# stepdefinitions_DS.DS_Array_Steps.user_should_get_the_correct_output()&amp#27;[0m
]]></system-out>
  </testcase>
  <testcase name="runScenario[&quot;User checks the functionality of the TypesofBinaryTrees in Trees&quot;, &quot;The user test the functionalities of the Stack page in the DS Algo application&quot;](43)" classname="test_Runner.TestRunner" time="8.047">
    <system-out><![CDATA[
Scenario Outline: User checks the functionality of the TypesofBinaryTrees in Trees                                &amp#27;[90m# src/test/resources/DS_Feature/TreePage.feature:77&amp#27;[0m
  &amp#27;[32mGiven &amp#27;[0m&amp#27;[32mUser is on the DS Algo portal and click on the get started button&amp#27;[0m                                         &amp#27;[90m# stepdefinitions_DS.DS_Array_Steps.user_is_on_the_ds_algo_portal_and_click_on_the_get_started_button()&amp#27;[0m
  &amp#27;[32mThen &amp#27;[0m&amp#27;[32mUser clicks on the sign in link&amp#27;[0m                                                                            &amp#27;[90m# stepdefinitions_DS.DS_Array_Steps.user_clicks_on_the_sign_in_link()&amp#27;[0m
  &amp#27;[32mWhen &amp#27;[0m&amp#27;[32mUser is on the login page, user enters the valid email id and password&amp#27;[0m                                     &amp#27;[90m# stepdefinitions_DS.DS_Array_Steps.user_is_on_the_login_page_user_enters_the_valid_email_id_and_password()&amp#27;[0m
  &amp#27;[32mAnd &amp#27;[0m&amp#27;[32mUser clicks on the Tree Get started button and user is on the Tree page&amp#27;[0m                                     &amp#27;[90m# stepdefinitions_DS.DS_Trees_Steps.user_clicks_on_the_tree_get_started_button_and_user_is_on_the_tree_page()&amp#27;[0m
  &amp#27;[32mWhen &amp#27;[0m&amp#27;[32mUser clicks on the TypesofBinaryTrees in Trees and user is in that page&amp#27;[0m                                    &amp#27;[90m# stepdefinitions_DS.DS_Trees_Steps.user_clicks_on_the_typesof_binary_trees_in_trees_and_user_is_in_that_page()&amp#27;[0m
  &amp#27;[32mAnd &amp#27;[0m&amp#27;[32mUser click on the try here button to go to try editor&amp#27;[0m                                                       &amp#27;[90m# stepdefinitions_DS.DS_Trees_Steps.user_click_on_the_try_here_button_to_go_to_try_editor()&amp#27;[0m
  &amp#27;[32mThen &amp#27;[0m&amp#27;[32mUser inputs the valid python code in the text editor box from the excel sheet sheet &amp#27;[0m&amp#27;[32m&amp#27;[1m"Data"&amp#27;[0m&amp#27;[32m and rownumber &amp#27;[0m&amp#27;[32m&amp#27;[1m3&amp#27;[0m &amp#27;[90m# stepdefinitions_DS.DS_Trees_Steps.user_inputs_the_valid_python_code_in_the_text_editor_box_from_the_excel_sheet_sheet_and_rownumber(java.lang.String,java.lang.Integer)&amp#27;[0m
The output is: The sum of 1.5 and 6.3 is 7.8
  &amp#27;[32mThen &amp#27;[0m&amp#27;[32mUser should get the correct output&amp#27;[0m                                                                         &amp#27;[90m# stepdefinitions_DS.DS_Array_Steps.user_should_get_the_correct_output()&amp#27;[0m
]]></system-out>
  </testcase>
  <testcase name="runScenario[&quot;User checks the functionality of the ImplementationinPython in Trees&quot;, &quot;The user test the functionalities of the Stack page in the DS Algo application&quot;](44)" classname="test_Runner.TestRunner" time="6.932">
    <system-out><![CDATA[
Scenario Outline: User checks the functionality of the ImplementationinPython in Trees                            &amp#27;[90m# src/test/resources/DS_Feature/TreePage.feature:87&amp#27;[0m
  &amp#27;[32mGiven &amp#27;[0m&amp#27;[32mUser is on the DS Algo portal and click on the get started button&amp#27;[0m                                         &amp#27;[90m# stepdefinitions_DS.DS_Array_Steps.user_is_on_the_ds_algo_portal_and_click_on_the_get_started_button()&amp#27;[0m
  &amp#27;[32mThen &amp#27;[0m&amp#27;[32mUser clicks on the sign in link&amp#27;[0m                                                                            &amp#27;[90m# stepdefinitions_DS.DS_Array_Steps.user_clicks_on_the_sign_in_link()&amp#27;[0m
  &amp#27;[32mWhen &amp#27;[0m&amp#27;[32mUser is on the login page, user enters the valid email id and password&amp#27;[0m                                     &amp#27;[90m# stepdefinitions_DS.DS_Array_Steps.user_is_on_the_login_page_user_enters_the_valid_email_id_and_password()&amp#27;[0m
  &amp#27;[32mAnd &amp#27;[0m&amp#27;[32mUser clicks on the Tree Get started button and user is on the Tree page&amp#27;[0m                                     &amp#27;[90m# stepdefinitions_DS.DS_Trees_Steps.user_clicks_on_the_tree_get_started_button_and_user_is_on_the_tree_page()&amp#27;[0m
  &amp#27;[32mWhen &amp#27;[0m&amp#27;[32mUser clicks on the ImplementationinPython in Trees and user is in that page&amp#27;[0m                                &amp#27;[90m# stepdefinitions_DS.DS_Trees_Steps.user_clicks_on_the_implementationin_python_in_trees_and_user_is_in_that_page()&amp#27;[0m
  &amp#27;[32mAnd &amp#27;[0m&amp#27;[32mUser click on the try here button to go to try editor&amp#27;[0m                                                       &amp#27;[90m# stepdefinitions_DS.DS_Trees_Steps.user_click_on_the_try_here_button_to_go_to_try_editor()&amp#27;[0m
  &amp#27;[32mThen &amp#27;[0m&amp#27;[32mUser inputs the valid python code in the text editor box from the excel sheet sheet &amp#27;[0m&amp#27;[32m&amp#27;[1m"Data"&amp#27;[0m&amp#27;[32m and rownumber &amp#27;[0m&amp#27;[32m&amp#27;[1m3&amp#27;[0m &amp#27;[90m# stepdefinitions_DS.DS_Trees_Steps.user_inputs_the_valid_python_code_in_the_text_editor_box_from_the_excel_sheet_sheet_and_rownumber(java.lang.String,java.lang.Integer)&amp#27;[0m
The output is: The sum of 1.5 and 6.3 is 7.8
  &amp#27;[32mThen &amp#27;[0m&amp#27;[32mUser should get the correct output&amp#27;[0m                                                                         &amp#27;[90m# stepdefinitions_DS.DS_Array_Steps.user_should_get_the_correct_output()&amp#27;[0m
]]></system-out>
  </testcase>
  <testcase name="runScenario[&quot;User checks the functionality of the BinaryTreeTraversals in Trees&quot;, &quot;The user test the functionalities of the Stack page in the DS Algo application&quot;](45)" classname="test_Runner.TestRunner" time="6.815">
    <system-out><![CDATA[
Scenario Outline: User checks the functionality of the BinaryTreeTraversals in Trees                              &amp#27;[90m# src/test/resources/DS_Feature/TreePage.feature:97&amp#27;[0m
  &amp#27;[32mGiven &amp#27;[0m&amp#27;[32mUser is on the DS Algo portal and click on the get started button&amp#27;[0m                                         &amp#27;[90m# stepdefinitions_DS.DS_Array_Steps.user_is_on_the_ds_algo_portal_and_click_on_the_get_started_button()&amp#27;[0m
  &amp#27;[32mThen &amp#27;[0m&amp#27;[32mUser clicks on the sign in link&amp#27;[0m                                                                            &amp#27;[90m# stepdefinitions_DS.DS_Array_Steps.user_clicks_on_the_sign_in_link()&amp#27;[0m
  &amp#27;[32mWhen &amp#27;[0m&amp#27;[32mUser is on the login page, user enters the valid email id and password&amp#27;[0m                                     &amp#27;[90m# stepdefinitions_DS.DS_Array_Steps.user_is_on_the_login_page_user_enters_the_valid_email_id_and_password()&amp#27;[0m
  &amp#27;[32mAnd &amp#27;[0m&amp#27;[32mUser clicks on the Tree Get started button and user is on the Tree page&amp#27;[0m                                     &amp#27;[90m# stepdefinitions_DS.DS_Trees_Steps.user_clicks_on_the_tree_get_started_button_and_user_is_on_the_tree_page()&amp#27;[0m
  &amp#27;[32mWhen &amp#27;[0m&amp#27;[32mUser clicks on the BinaryTreeTraversals in Trees and user is in that page&amp#27;[0m                                  &amp#27;[90m# stepdefinitions_DS.DS_Trees_Steps.user_clicks_on_the_binary_tree_traversals_in_trees_and_user_is_in_that_page()&amp#27;[0m
  &amp#27;[32mAnd &amp#27;[0m&amp#27;[32mUser click on the try here button to go to try editor&amp#27;[0m                                                       &amp#27;[90m# stepdefinitions_DS.DS_Trees_Steps.user_click_on_the_try_here_button_to_go_to_try_editor()&amp#27;[0m
  &amp#27;[32mThen &amp#27;[0m&amp#27;[32mUser inputs the valid python code in the text editor box from the excel sheet sheet &amp#27;[0m&amp#27;[32m&amp#27;[1m"Data"&amp#27;[0m&amp#27;[32m and rownumber &amp#27;[0m&amp#27;[32m&amp#27;[1m3&amp#27;[0m &amp#27;[90m# stepdefinitions_DS.DS_Trees_Steps.user_inputs_the_valid_python_code_in_the_text_editor_box_from_the_excel_sheet_sheet_and_rownumber(java.lang.String,java.lang.Integer)&amp#27;[0m
The output is: The sum of 1.5 and 6.3 is 7.8
  &amp#27;[32mThen &amp#27;[0m&amp#27;[32mUser should get the correct output&amp#27;[0m                                                                         &amp#27;[90m# stepdefinitions_DS.DS_Array_Steps.user_should_get_the_correct_output()&amp#27;[0m
]]></system-out>
  </testcase>
  <testcase name="runScenario[&quot;User checks the functionality of the ImplementationofBinaryTrees in Trees&quot;, &quot;The user test the functionalities of the Stack page in the DS Algo application&quot;](46)" classname="test_Runner.TestRunner" time="6.301">
    <system-out><![CDATA[
Scenario Outline: User checks the functionality of the ImplementationofBinaryTrees in Trees                       &amp#27;[90m# src/test/resources/DS_Feature/TreePage.feature:107&amp#27;[0m
  &amp#27;[32mGiven &amp#27;[0m&amp#27;[32mUser is on the DS Algo portal and click on the get started button&amp#27;[0m                                         &amp#27;[90m# stepdefinitions_DS.DS_Array_Steps.user_is_on_the_ds_algo_portal_and_click_on_the_get_started_button()&amp#27;[0m
  &amp#27;[32mThen &amp#27;[0m&amp#27;[32mUser clicks on the sign in link&amp#27;[0m                                                                            &amp#27;[90m# stepdefinitions_DS.DS_Array_Steps.user_clicks_on_the_sign_in_link()&amp#27;[0m
  &amp#27;[32mWhen &amp#27;[0m&amp#27;[32mUser is on the login page, user enters the valid email id and password&amp#27;[0m                                     &amp#27;[90m# stepdefinitions_DS.DS_Array_Steps.user_is_on_the_login_page_user_enters_the_valid_email_id_and_password()&amp#27;[0m
  &amp#27;[32mAnd &amp#27;[0m&amp#27;[32mUser clicks on the Tree Get started button and user is on the Tree page&amp#27;[0m                                     &amp#27;[90m# stepdefinitions_DS.DS_Trees_Steps.user_clicks_on_the_tree_get_started_button_and_user_is_on_the_tree_page()&amp#27;[0m
  &amp#27;[32mWhen &amp#27;[0m&amp#27;[32mUser clicks on the ImplementationofBinaryTrees in Trees and user is in that page&amp#27;[0m                           &amp#27;[90m# stepdefinitions_DS.DS_Trees_Steps.user_clicks_on_the_implementationof_binary_trees_in_trees_and_user_is_in_that_page()&amp#27;[0m
  &amp#27;[32mAnd &amp#27;[0m&amp#27;[32mUser click on the try here button to go to try editor&amp#27;[0m                                                       &amp#27;[90m# stepdefinitions_DS.DS_Trees_Steps.user_click_on_the_try_here_button_to_go_to_try_editor()&amp#27;[0m
  &amp#27;[32mThen &amp#27;[0m&amp#27;[32mUser inputs the valid python code in the text editor box from the excel sheet sheet &amp#27;[0m&amp#27;[32m&amp#27;[1m"Data"&amp#27;[0m&amp#27;[32m and rownumber &amp#27;[0m&amp#27;[32m&amp#27;[1m3&amp#27;[0m &amp#27;[90m# stepdefinitions_DS.DS_Trees_Steps.user_inputs_the_valid_python_code_in_the_text_editor_box_from_the_excel_sheet_sheet_and_rownumber(java.lang.String,java.lang.Integer)&amp#27;[0m
The output is: The sum of 1.5 and 6.3 is 7.8
  &amp#27;[32mThen &amp#27;[0m&amp#27;[32mUser should get the correct output&amp#27;[0m                                                                         &amp#27;[90m# stepdefinitions_DS.DS_Array_Steps.user_should_get_the_correct_output()&amp#27;[0m
]]></system-out>
  </testcase>
  <testcase name="runScenario[&quot;User checks the functionality of the ApplicationsofBinaryTrees in Trees&quot;, &quot;The user test the functionalities of the Stack page in the DS Algo application&quot;](47)" classname="test_Runner.TestRunner" time="5.93">
    <system-out><![CDATA[
Scenario Outline: User checks the functionality of the ApplicationsofBinaryTrees in Trees                         &amp#27;[90m# src/test/resources/DS_Feature/TreePage.feature:117&amp#27;[0m
  &amp#27;[32mGiven &amp#27;[0m&amp#27;[32mUser is on the DS Algo portal and click on the get started button&amp#27;[0m                                         &amp#27;[90m# stepdefinitions_DS.DS_Array_Steps.user_is_on_the_ds_algo_portal_and_click_on_the_get_started_button()&amp#27;[0m
  &amp#27;[32mThen &amp#27;[0m&amp#27;[32mUser clicks on the sign in link&amp#27;[0m                                                                            &amp#27;[90m# stepdefinitions_DS.DS_Array_Steps.user_clicks_on_the_sign_in_link()&amp#27;[0m
  &amp#27;[32mWhen &amp#27;[0m&amp#27;[32mUser is on the login page, user enters the valid email id and password&amp#27;[0m                                     &amp#27;[90m# stepdefinitions_DS.DS_Array_Steps.user_is_on_the_login_page_user_enters_the_valid_email_id_and_password()&amp#27;[0m
  &amp#27;[32mAnd &amp#27;[0m&amp#27;[32mUser clicks on the Tree Get started button and user is on the Tree page&amp#27;[0m                                     &amp#27;[90m# stepdefinitions_DS.DS_Trees_Steps.user_clicks_on_the_tree_get_started_button_and_user_is_on_the_tree_page()&amp#27;[0m
  &amp#27;[32mWhen &amp#27;[0m&amp#27;[32mUser clicks on the ApplicationsofBinaryTrees in Trees and user is in that page&amp#27;[0m                             &amp#27;[90m# stepdefinitions_DS.DS_Trees_Steps.user_clicks_on_the_applicationsof_binary_trees_in_trees_and_user_is_in_that_page()&amp#27;[0m
  &amp#27;[32mAnd &amp#27;[0m&amp#27;[32mUser click on the try here button to go to try editor&amp#27;[0m                                                       &amp#27;[90m# stepdefinitions_DS.DS_Trees_Steps.user_click_on_the_try_here_button_to_go_to_try_editor()&amp#27;[0m
  &amp#27;[32mThen &amp#27;[0m&amp#27;[32mUser inputs the valid python code in the text editor box from the excel sheet sheet &amp#27;[0m&amp#27;[32m&amp#27;[1m"Data"&amp#27;[0m&amp#27;[32m and rownumber &amp#27;[0m&amp#27;[32m&amp#27;[1m3&amp#27;[0m &amp#27;[90m# stepdefinitions_DS.DS_Trees_Steps.user_inputs_the_valid_python_code_in_the_text_editor_box_from_the_excel_sheet_sheet_and_rownumber(java.lang.String,java.lang.Integer)&amp#27;[0m
The output is: The sum of 1.5 and 6.3 is 7.8
  &amp#27;[32mThen &amp#27;[0m&amp#27;[32mUser should get the correct output&amp#27;[0m                                                                         &amp#27;[90m# stepdefinitions_DS.DS_Array_Steps.user_should_get_the_correct_output()&amp#27;[0m
]]></system-out>
  </testcase>
  <testcase name="runScenario[&quot;User checks the functionality of the BinarySearchTrees in Trees&quot;, &quot;The user test the functionalities of the Stack page in the DS Algo application&quot;](48)" classname="test_Runner.TestRunner" time="6.35">
    <system-out><![CDATA[
Scenario Outline: User checks the functionality of the BinarySearchTrees in Trees                                 &amp#27;[90m# src/test/resources/DS_Feature/TreePage.feature:127&amp#27;[0m
  &amp#27;[32mGiven &amp#27;[0m&amp#27;[32mUser is on the DS Algo portal and click on the get started button&amp#27;[0m                                         &amp#27;[90m# stepdefinitions_DS.DS_Array_Steps.user_is_on_the_ds_algo_portal_and_click_on_the_get_started_button()&amp#27;[0m
  &amp#27;[32mThen &amp#27;[0m&amp#27;[32mUser clicks on the sign in link&amp#27;[0m                                                                            &amp#27;[90m# stepdefinitions_DS.DS_Array_Steps.user_clicks_on_the_sign_in_link()&amp#27;[0m
  &amp#27;[32mWhen &amp#27;[0m&amp#27;[32mUser is on the login page, user enters the valid email id and password&amp#27;[0m                                     &amp#27;[90m# stepdefinitions_DS.DS_Array_Steps.user_is_on_the_login_page_user_enters_the_valid_email_id_and_password()&amp#27;[0m
  &amp#27;[32mAnd &amp#27;[0m&amp#27;[32mUser clicks on the Tree Get started button and user is on the Tree page&amp#27;[0m                                     &amp#27;[90m# stepdefinitions_DS.DS_Trees_Steps.user_clicks_on_the_tree_get_started_button_and_user_is_on_the_tree_page()&amp#27;[0m
  &amp#27;[32mWhen &amp#27;[0m&amp#27;[32mUser clicks on the BinarySearchTrees in Trees and user is in that page&amp#27;[0m                                     &amp#27;[90m# stepdefinitions_DS.DS_Trees_Steps.user_clicks_on_the_binary_search_trees_in_trees_and_user_is_in_that_page()&amp#27;[0m
  &amp#27;[32mAnd &amp#27;[0m&amp#27;[32mUser click on the try here button to go to try editor&amp#27;[0m                                                       &amp#27;[90m# stepdefinitions_DS.DS_Trees_Steps.user_click_on_the_try_here_button_to_go_to_try_editor()&amp#27;[0m
  &amp#27;[32mThen &amp#27;[0m&amp#27;[32mUser inputs the valid python code in the text editor box from the excel sheet sheet &amp#27;[0m&amp#27;[32m&amp#27;[1m"Data"&amp#27;[0m&amp#27;[32m and rownumber &amp#27;[0m&amp#27;[32m&amp#27;[1m3&amp#27;[0m &amp#27;[90m# stepdefinitions_DS.DS_Trees_Steps.user_inputs_the_valid_python_code_in_the_text_editor_box_from_the_excel_sheet_sheet_and_rownumber(java.lang.String,java.lang.Integer)&amp#27;[0m
The output is: The sum of 1.5 and 6.3 is 7.8
  &amp#27;[32mThen &amp#27;[0m&amp#27;[32mUser should get the correct output&amp#27;[0m                                                                         &amp#27;[90m# stepdefinitions_DS.DS_Array_Steps.user_should_get_the_correct_output()&amp#27;[0m
]]></system-out>
  </testcase>
  <testcase name="runScenario[&quot;User checks the functionality of the ImplementationofBST in Trees&quot;, &quot;The user test the functionalities of the Stack page in the DS Algo application&quot;](49)" classname="test_Runner.TestRunner" time="6.534">
    <system-out><![CDATA[
Scenario Outline: User checks the functionality of the ImplementationofBST in Trees                               &amp#27;[90m# src/test/resources/DS_Feature/TreePage.feature:137&amp#27;[0m
  &amp#27;[32mGiven &amp#27;[0m&amp#27;[32mUser is on the DS Algo portal and click on the get started button&amp#27;[0m                                         &amp#27;[90m# stepdefinitions_DS.DS_Array_Steps.user_is_on_the_ds_algo_portal_and_click_on_the_get_started_button()&amp#27;[0m
  &amp#27;[32mThen &amp#27;[0m&amp#27;[32mUser clicks on the sign in link&amp#27;[0m                                                                            &amp#27;[90m# stepdefinitions_DS.DS_Array_Steps.user_clicks_on_the_sign_in_link()&amp#27;[0m
  &amp#27;[32mWhen &amp#27;[0m&amp#27;[32mUser is on the login page, user enters the valid email id and password&amp#27;[0m                                     &amp#27;[90m# stepdefinitions_DS.DS_Array_Steps.user_is_on_the_login_page_user_enters_the_valid_email_id_and_password()&amp#27;[0m
  &amp#27;[32mAnd &amp#27;[0m&amp#27;[32mUser clicks on the Tree Get started button and user is on the Tree page&amp#27;[0m                                     &amp#27;[90m# stepdefinitions_DS.DS_Trees_Steps.user_clicks_on_the_tree_get_started_button_and_user_is_on_the_tree_page()&amp#27;[0m
  &amp#27;[32mWhen &amp#27;[0m&amp#27;[32mUser clicks on the ImplementationofBST in Trees and user is in that page&amp#27;[0m                                   &amp#27;[90m# stepdefinitions_DS.DS_Trees_Steps.user_clicks_on_the_implementationof_bst_in_trees_and_user_is_in_that_page()&amp#27;[0m
  &amp#27;[32mAnd &amp#27;[0m&amp#27;[32mUser click on the try here button to go to try editor&amp#27;[0m                                                       &amp#27;[90m# stepdefinitions_DS.DS_Trees_Steps.user_click_on_the_try_here_button_to_go_to_try_editor()&amp#27;[0m
  &amp#27;[32mThen &amp#27;[0m&amp#27;[32mUser inputs the valid python code in the text editor box from the excel sheet sheet &amp#27;[0m&amp#27;[32m&amp#27;[1m"Data"&amp#27;[0m&amp#27;[32m and rownumber &amp#27;[0m&amp#27;[32m&amp#27;[1m3&amp#27;[0m &amp#27;[90m# stepdefinitions_DS.DS_Trees_Steps.user_inputs_the_valid_python_code_in_the_text_editor_box_from_the_excel_sheet_sheet_and_rownumber(java.lang.String,java.lang.Integer)&amp#27;[0m
The output is: The sum of 1.5 and 6.3 is 7.8
  &amp#27;[32mThen &amp#27;[0m&amp#27;[32mUser should get the correct output&amp#27;[0m                                                                         &amp#27;[90m# stepdefinitions_DS.DS_Array_Steps.user_should_get_the_correct_output()&amp#27;[0m
]]></system-out>
  </testcase>
</testsuite>