<?xml version="1.0" encoding="UTF-8"?>
<!-- Generated by org.testng.reporters.JUnitReportReporter -->
<testsuite hostname="DESKTOP-25LN50V" failures="0" tests="8" name="test_Runner.TestRunner" time="115.064" errors="0" timestamp="2024-01-23T18:26:41 PST" skipped="0">
  <testcase classname="test_Runner.TestRunner" name="runScenario" time="12.605"/>
  <testcase classname="test_Runner.TestRunner" name="runScenario" time="13.058"/>
  <testcase classname="test_Runner.TestRunner" name="runScenario" time="15.977"/>
  <testcase classname="test_Runner.TestRunner" name="runScenario" time="13.313"/>
  <testcase classname="test_Runner.TestRunner" name="runScenario" time="15.828"/>
  <testcase classname="test_Runner.TestRunner" name="runScenario" time="15.038"/>
  <testcase classname="test_Runner.TestRunner" name="runScenario" time="14.816"/>
  <testcase classname="test_Runner.TestRunner" name="runScenario" time="14.429"/>
</testsuite> <!-- test_Runner.TestRunner -->
